{"/Users/susaha/Desktop/Q5/pause-recording-v2/setupTests.js": {"path":"/Users/susaha/Desktop/Q5/pause-recording-v2/setupTests.js","statementMap":{"0":{"start":{"line":13,"column":0},"end":{"line":15,"column":3}},"1":{"start":{"line":14,"column":2},"end":{"line":14,"column":22}},"2":{"start":{"line":17,"column":0},"end":{"line":19,"column":2}},"3":{"start":{"line":18,"column":2},"end":{"line":18,"column":21}},"4":{"start":{"line":21,"column":0},"end":{"line":24,"column":3}},"5":{"start":{"line":22,"column":2},"end":{"line":22,"column":30}},"6":{"start":{"line":23,"column":2},"end":{"line":23,"column":20}}},"fnMap":{"0":{"name":"(anonymous_0)","decl":{"start":{"line":13,"column":10},"end":{"line":13,"column":11}},"loc":{"start":{"line":13,"column":16},"end":{"line":15,"column":1}},"line":13},"1":{"name":"(anonymous_1)","decl":{"start":{"line":17,"column":11},"end":{"line":17,"column":12}},"loc":{"start":{"line":17,"column":17},"end":{"line":19,"column":1}},"line":17},"2":{"name":"(anonymous_2)","decl":{"start":{"line":21,"column":10},"end":{"line":21,"column":11}},"loc":{"start":{"line":21,"column":16},"end":{"line":24,"column":1}},"line":21}},"branchMap":{},"s":{"0":0,"1":0,"2":0,"3":0,"4":0,"5":0,"6":0},"f":{"0":0,"1":0,"2":0},"b":{}}
,"/Users/susaha/Desktop/Q5/pause-recording-v2/serverless-functions/src/common/helpers/parameter-validator.private.js": {"path":"/Users/susaha/Desktop/Q5/pause-recording-v2/serverless-functions/src/common/helpers/parameter-validator.private.js","statementMap":{"0":{"start":{"line":13,"column":0},"end":{"line":32,"column":1}},"1":{"start":{"line":14,"column":21},"end":{"line":14,"column":23}},"2":{"start":{"line":15,"column":2},"end":{"line":30,"column":5}},"3":{"start":{"line":16,"column":4},"end":{"line":29,"column":5}},"4":{"start":{"line":18,"column":6},"end":{"line":20,"column":7}},"5":{"start":{"line":19,"column":8},"end":{"line":19,"column":67}},"6":{"start":{"line":21,"column":11},"end":{"line":29,"column":5}},"7":{"start":{"line":23,"column":6},"end":{"line":25,"column":7}},"8":{"start":{"line":24,"column":8},"end":{"line":24,"column":88}},"9":{"start":{"line":28,"column":6},"end":{"line":28,"column":78}},"10":{"start":{"line":31,"column":2},"end":{"line":31,"column":22}},"11":{"start":{"line":34,"column":0},"end":{"line":40,"column":1}},"12":{"start":{"line":35,"column":21},"end":{"line":35,"column":25}},"13":{"start":{"line":36,"column":2},"end":{"line":38,"column":3}},"14":{"start":{"line":37,"column":4},"end":{"line":37,"column":33}},"15":{"start":{"line":39,"column":2},"end":{"line":39,"column":128}},"16":{"start":{"line":42,"column":0},"end":{"line":44,"column":1}},"17":{"start":{"line":43,"column":2},"end":{"line":43,"column":60}},"18":{"start":{"line":46,"column":0},"end":{"line":48,"column":1}},"19":{"start":{"line":47,"column":2},"end":{"line":47,"column":68}}},"fnMap":{"0":{"name":"(anonymous_0)","decl":{"start":{"line":13,"column":19},"end":{"line":13,"column":20}},"loc":{"start":{"line":13,"column":85},"end":{"line":32,"column":1}},"line":13},"1":{"name":"(anonymous_1)","decl":{"start":{"line":15,"column":28},"end":{"line":15,"column":29}},"loc":{"start":{"line":15,"column":36},"end":{"line":30,"column":3}},"line":15},"2":{"name":"(anonymous_2)","decl":{"start":{"line":34,"column":20},"end":{"line":34,"column":21}},"loc":{"start":{"line":34,"column":35},"end":{"line":40,"column":1}},"line":34},"3":{"name":"(anonymous_3)","decl":{"start":{"line":42,"column":19},"end":{"line":42,"column":20}},"loc":{"start":{"line":42,"column":34},"end":{"line":44,"column":1}},"line":42},"4":{"name":"(anonymous_4)","decl":{"start":{"line":46,"column":19},"end":{"line":46,"column":20}},"loc":{"start":{"line":46,"column":34},"end":{"line":48,"column":1}},"line":46}},"branchMap":{"0":{"loc":{"start":{"line":16,"column":4},"end":{"line":29,"column":5}},"type":"if","locations":[{"start":{"line":16,"column":4},"end":{"line":29,"column":5}},{"start":{"line":21,"column":11},"end":{"line":29,"column":5}}],"line":16},"1":{"loc":{"start":{"line":18,"column":6},"end":{"line":20,"column":7}},"type":"if","locations":[{"start":{"line":18,"column":6},"end":{"line":20,"column":7}},{"start":{},"end":{}}],"line":18},"2":{"loc":{"start":{"line":18,"column":10},"end":{"line":18,"column":79}},"type":"binary-expr","locations":[{"start":{"line":18,"column":10},"end":{"line":18,"column":45}},{"start":{"line":18,"column":49},"end":{"line":18,"column":79}}],"line":18},"3":{"loc":{"start":{"line":21,"column":11},"end":{"line":29,"column":5}},"type":"if","locations":[{"start":{"line":21,"column":11},"end":{"line":29,"column":5}},{"start":{"line":26,"column":11},"end":{"line":29,"column":5}}],"line":21},"4":{"loc":{"start":{"line":21,"column":15},"end":{"line":21,"column":72}},"type":"binary-expr","locations":[{"start":{"line":21,"column":15},"end":{"line":21,"column":44}},{"start":{"line":21,"column":48},"end":{"line":21,"column":56}},{"start":{"line":21,"column":60},"end":{"line":21,"column":72}}],"line":21},"5":{"loc":{"start":{"line":23,"column":6},"end":{"line":25,"column":7}},"type":"if","locations":[{"start":{"line":23,"column":6},"end":{"line":25,"column":7}},{"start":{},"end":{}}],"line":23},"6":{"loc":{"start":{"line":23,"column":10},"end":{"line":23,"column":87}},"type":"binary-expr","locations":[{"start":{"line":23,"column":10},"end":{"line":23,"column":49}},{"start":{"line":23,"column":53},"end":{"line":23,"column":87}}],"line":23},"7":{"loc":{"start":{"line":36,"column":2},"end":{"line":38,"column":3}},"type":"if","locations":[{"start":{"line":36,"column":2},"end":{"line":38,"column":3}},{"start":{},"end":{}}],"line":36},"8":{"loc":{"start":{"line":39,"column":9},"end":{"line":39,"column":127}},"type":"binary-expr","locations":[{"start":{"line":39,"column":9},"end":{"line":39,"column":30}},{"start":{"line":39,"column":34},"end":{"line":39,"column":56}},{"start":{"line":39,"column":60},"end":{"line":39,"column":127}}],"line":39},"9":{"loc":{"start":{"line":43,"column":9},"end":{"line":43,"column":59}},"type":"binary-expr","locations":[{"start":{"line":43,"column":9},"end":{"line":43,"column":33}},{"start":{"line":43,"column":37},"end":{"line":43,"column":59}}],"line":43}},"s":{"0":0,"1":0,"2":0,"3":0,"4":0,"5":0,"6":0,"7":0,"8":0,"9":0,"10":0,"11":0,"12":0,"13":0,"14":0,"15":0,"16":0,"17":0,"18":0,"19":0},"f":{"0":0,"1":0,"2":0,"3":0,"4":0},"b":{"0":[0,0],"1":[0,0],"2":[0,0],"3":[0,0],"4":[0,0,0],"5":[0,0],"6":[0,0],"7":[0,0],"8":[0,0,0],"9":[0,0]}}
,"/Users/susaha/Desktop/Q5/pause-recording-v2/serverless-functions/src/common/helpers/prepare-function.private.js": {"path":"/Users/susaha/Desktop/Q5/pause-recording-v2/serverless-functions/src/common/helpers/prepare-function.private.js","statementMap":{"0":{"start":{"line":1,"column":23},"end":{"line":1,"column":79}},"1":{"start":{"line":2,"column":27},"end":{"line":2,"column":94}},"2":{"start":{"line":4,"column":0},"end":{"line":33,"column":2}},"3":{"start":{"line":5,"column":19},"end":{"line":5,"column":40}},"4":{"start":{"line":7,"column":25},"end":{"line":7,"column":93}},"5":{"start":{"line":9,"column":2},"end":{"line":9,"column":60}},"6":{"start":{"line":10,"column":2},"end":{"line":10,"column":78}},"7":{"start":{"line":11,"column":2},"end":{"line":11,"column":60}},"8":{"start":{"line":12,"column":2},"end":{"line":12,"column":72}},"9":{"start":{"line":14,"column":2},"end":{"line":20,"column":3}},"10":{"start":{"line":15,"column":4},"end":{"line":15,"column":65}},"11":{"start":{"line":16,"column":4},"end":{"line":16,"column":32}},"12":{"start":{"line":17,"column":4},"end":{"line":17,"column":62}},"13":{"start":{"line":18,"column":4},"end":{"line":18,"column":29}},"14":{"start":{"line":19,"column":4},"end":{"line":19,"column":11}},"15":{"start":{"line":22,"column":22},"end":{"line":30,"column":3}},"16":{"start":{"line":23,"column":4},"end":{"line":23,"column":75}},"17":{"start":{"line":24,"column":4},"end":{"line":24,"column":32}},"18":{"start":{"line":25,"column":4},"end":{"line":28,"column":7}},"19":{"start":{"line":29,"column":4},"end":{"line":29,"column":29}},"20":{"start":{"line":32,"column":2},"end":{"line":32,"column":68}},"21":{"start":{"line":42,"column":0},"end":{"line":47,"column":2}},"22":{"start":{"line":43,"column":2},"end":{"line":43,"column":29}},"23":{"start":{"line":44,"column":2},"end":{"line":46,"column":4}},"24":{"start":{"line":45,"column":4},"end":{"line":45,"column":76}}},"fnMap":{"0":{"name":"(anonymous_0)","decl":{"start":{"line":4,"column":26},"end":{"line":4,"column":27}},"loc":{"start":{"line":4,"column":87},"end":{"line":33,"column":1}},"line":4},"1":{"name":"(anonymous_1)","decl":{"start":{"line":22,"column":22},"end":{"line":22,"column":23}},"loc":{"start":{"line":22,"column":33},"end":{"line":30,"column":3}},"line":22},"2":{"name":"(anonymous_2)","decl":{"start":{"line":42,"column":30},"end":{"line":42,"column":31}},"loc":{"start":{"line":42,"column":65},"end":{"line":47,"column":1}},"line":42},"3":{"name":"(anonymous_3)","decl":{"start":{"line":44,"column":24},"end":{"line":44,"column":25}},"loc":{"start":{"line":45,"column":4},"end":{"line":45,"column":76}},"line":45}},"branchMap":{"0":{"loc":{"start":{"line":14,"column":2},"end":{"line":20,"column":3}},"type":"if","locations":[{"start":{"line":14,"column":2},"end":{"line":20,"column":3}},{"start":{},"end":{}}],"line":14}},"s":{"0":0,"1":0,"2":0,"3":0,"4":0,"5":0,"6":0,"7":0,"8":0,"9":0,"10":0,"11":0,"12":0,"13":0,"14":0,"15":0,"16":0,"17":0,"18":0,"19":0,"20":0,"21":0,"22":0,"23":0,"24":0},"f":{"0":0,"1":0,"2":0,"3":0},"b":{"0":[0,0]}}
,"/Users/susaha/Desktop/Q5/pause-recording-v2/serverless-functions/src/common/twilio-wrappers/programmable-voice.private.js": {"path":"/Users/susaha/Desktop/Q5/pause-recording-v2/serverless-functions/src/common/twilio-wrappers/programmable-voice.private.js","statementMap":{"0":{"start":{"line":1,"column":31},"end":{"line":1,"column":48}},"1":{"start":{"line":3,"column":21},"end":{"line":3,"column":103}},"2":{"start":{"line":14,"column":0},"end":{"line":29,"column":2}},"3":{"start":{"line":15,"column":39},"end":{"line":15,"column":49}},"4":{"start":{"line":17,"column":2},"end":{"line":18,"column":92}},"5":{"start":{"line":18,"column":4},"end":{"line":18,"column":92}},"6":{"start":{"line":19,"column":2},"end":{"line":20,"column":85}},"7":{"start":{"line":20,"column":4},"end":{"line":20,"column":85}},"8":{"start":{"line":22,"column":2},"end":{"line":28,"column":3}},"9":{"start":{"line":23,"column":19},"end":{"line":23,"column":44}},"10":{"start":{"line":24,"column":22},"end":{"line":24,"column":75}},"11":{"start":{"line":25,"column":4},"end":{"line":25,"column":53}},"12":{"start":{"line":27,"column":4},"end":{"line":27,"column":61}},"13":{"start":{"line":41,"column":0},"end":{"line":64,"column":2}},"14":{"start":{"line":42,"column":53},"end":{"line":42,"column":63}},"15":{"start":{"line":43,"column":2},"end":{"line":44,"column":92}},"16":{"start":{"line":44,"column":4},"end":{"line":44,"column":92}},"17":{"start":{"line":45,"column":2},"end":{"line":46,"column":85}},"18":{"start":{"line":46,"column":4},"end":{"line":46,"column":85}},"19":{"start":{"line":47,"column":2},"end":{"line":48,"column":90}},"20":{"start":{"line":48,"column":4},"end":{"line":48,"column":90}},"21":{"start":{"line":49,"column":2},"end":{"line":50,"column":84}},"22":{"start":{"line":50,"column":4},"end":{"line":50,"column":84}},"23":{"start":{"line":52,"column":2},"end":{"line":63,"column":3}},"24":{"start":{"line":53,"column":4},"end":{"line":53,"column":26}},"25":{"start":{"line":54,"column":19},"end":{"line":54,"column":44}},"26":{"start":{"line":55,"column":22},"end":{"line":55,"column":89}},"27":{"start":{"line":59,"column":4},"end":{"line":59,"column":27}},"28":{"start":{"line":60,"column":4},"end":{"line":60,"column":53}},"29":{"start":{"line":62,"column":4},"end":{"line":62,"column":61}},"30":{"start":{"line":76,"column":0},"end":{"line":97,"column":2}},"31":{"start":{"line":77,"column":59},"end":{"line":77,"column":69}},"32":{"start":{"line":79,"column":2},"end":{"line":80,"column":92}},"33":{"start":{"line":80,"column":4},"end":{"line":80,"column":92}},"34":{"start":{"line":81,"column":2},"end":{"line":82,"column":91}},"35":{"start":{"line":82,"column":4},"end":{"line":82,"column":91}},"36":{"start":{"line":83,"column":2},"end":{"line":84,"column":90}},"37":{"start":{"line":84,"column":4},"end":{"line":84,"column":90}},"38":{"start":{"line":85,"column":2},"end":{"line":86,"column":84}},"39":{"start":{"line":86,"column":4},"end":{"line":86,"column":84}},"40":{"start":{"line":88,"column":2},"end":{"line":96,"column":3}},"41":{"start":{"line":89,"column":19},"end":{"line":89,"column":44}},"42":{"start":{"line":91,"column":22},"end":{"line":91,"column":101}},"43":{"start":{"line":93,"column":4},"end":{"line":93,"column":53}},"44":{"start":{"line":95,"column":4},"end":{"line":95,"column":61}}},"fnMap":{"0":{"name":"(anonymous_0)","decl":{"start":{"line":14,"column":26},"end":{"line":14,"column":27}},"loc":{"start":{"line":14,"column":48},"end":{"line":29,"column":1}},"line":14},"1":{"name":"(anonymous_1)","decl":{"start":{"line":41,"column":30},"end":{"line":41,"column":31}},"loc":{"start":{"line":41,"column":52},"end":{"line":64,"column":1}},"line":41},"2":{"name":"(anonymous_2)","decl":{"start":{"line":76,"column":36},"end":{"line":76,"column":37}},"loc":{"start":{"line":76,"column":58},"end":{"line":97,"column":1}},"line":76}},"branchMap":{"0":{"loc":{"start":{"line":17,"column":2},"end":{"line":18,"column":92}},"type":"if","locations":[{"start":{"line":17,"column":2},"end":{"line":18,"column":92}},{"start":{},"end":{}}],"line":17},"1":{"loc":{"start":{"line":19,"column":2},"end":{"line":20,"column":85}},"type":"if","locations":[{"start":{"line":19,"column":2},"end":{"line":20,"column":85}},{"start":{},"end":{}}],"line":19},"2":{"loc":{"start":{"line":43,"column":2},"end":{"line":44,"column":92}},"type":"if","locations":[{"start":{"line":43,"column":2},"end":{"line":44,"column":92}},{"start":{},"end":{}}],"line":43},"3":{"loc":{"start":{"line":45,"column":2},"end":{"line":46,"column":85}},"type":"if","locations":[{"start":{"line":45,"column":2},"end":{"line":46,"column":85}},{"start":{},"end":{}}],"line":45},"4":{"loc":{"start":{"line":47,"column":2},"end":{"line":48,"column":90}},"type":"if","locations":[{"start":{"line":47,"column":2},"end":{"line":48,"column":90}},{"start":{},"end":{}}],"line":47},"5":{"loc":{"start":{"line":49,"column":2},"end":{"line":50,"column":84}},"type":"if","locations":[{"start":{"line":49,"column":2},"end":{"line":50,"column":84}},{"start":{},"end":{}}],"line":49},"6":{"loc":{"start":{"line":79,"column":2},"end":{"line":80,"column":92}},"type":"if","locations":[{"start":{"line":79,"column":2},"end":{"line":80,"column":92}},{"start":{},"end":{}}],"line":79},"7":{"loc":{"start":{"line":81,"column":2},"end":{"line":82,"column":91}},"type":"if","locations":[{"start":{"line":81,"column":2},"end":{"line":82,"column":91}},{"start":{},"end":{}}],"line":81},"8":{"loc":{"start":{"line":83,"column":2},"end":{"line":84,"column":90}},"type":"if","locations":[{"start":{"line":83,"column":2},"end":{"line":84,"column":90}},{"start":{},"end":{}}],"line":83},"9":{"loc":{"start":{"line":85,"column":2},"end":{"line":86,"column":84}},"type":"if","locations":[{"start":{"line":85,"column":2},"end":{"line":86,"column":84}},{"start":{},"end":{}}],"line":85}},"s":{"0":0,"1":0,"2":0,"3":0,"4":0,"5":0,"6":0,"7":0,"8":0,"9":0,"10":0,"11":0,"12":0,"13":0,"14":0,"15":0,"16":0,"17":0,"18":0,"19":0,"20":0,"21":0,"22":0,"23":0,"24":0,"25":0,"26":0,"27":0,"28":0,"29":0,"30":0,"31":0,"32":0,"33":0,"34":0,"35":0,"36":0,"37":0,"38":0,"39":0,"40":0,"41":0,"42":0,"43":0,"44":0},"f":{"0":0,"1":0,"2":0},"b":{"0":[0,0],"1":[0,0],"2":[0,0],"3":[0,0],"4":[0,0],"5":[0,0],"6":[0,0],"7":[0,0],"8":[0,0],"9":[0,0]}}
,"/Users/susaha/Desktop/Q5/pause-recording-v2/serverless-functions/src/common/twilio-wrappers/retry-handler.private.js": {"path":"/Users/susaha/Desktop/Q5/pause-recording-v2/serverless-functions/src/common/twilio-wrappers/retry-handler.private.js","statementMap":{"0":{"start":{"line":1,"column":29},"end":{"line":1,"column":46}},"1":{"start":{"line":23,"column":0},"end":{"line":52,"column":2}},"2":{"start":{"line":24,"column":17},"end":{"line":24,"column":74}},"3":{"start":{"line":24,"column":25},"end":{"line":24,"column":74}},"4":{"start":{"line":24,"column":50},"end":{"line":24,"column":73}},"5":{"start":{"line":25,"column":2},"end":{"line":26,"column":93}},"6":{"start":{"line":26,"column":4},"end":{"line":26,"column":93}},"7":{"start":{"line":28,"column":97},"end":{"line":28,"column":108}},"8":{"start":{"line":29,"column":32},"end":{"line":29,"column":42}},"9":{"start":{"line":30,"column":46},"end":{"line":30,"column":51}},"10":{"start":{"line":31,"column":17},"end":{"line":31,"column":49}},"11":{"start":{"line":32,"column":21},"end":{"line":32,"column":117}},"12":{"start":{"line":33,"column":18},"end":{"line":33,"column":53}},"13":{"start":{"line":35,"column":2},"end":{"line":51,"column":3}},"14":{"start":{"line":40,"column":4},"end":{"line":40,"column":108}},"15":{"start":{"line":41,"column":4},"end":{"line":41,"column":119}},"16":{"start":{"line":41,"column":42},"end":{"line":41,"column":119}},"17":{"start":{"line":43,"column":28},"end":{"line":43,"column":40}},"18":{"start":{"line":44,"column":30},"end":{"line":44,"column":74}},"19":{"start":{"line":45,"column":4},"end":{"line":45,"column":39}},"20":{"start":{"line":47,"column":4},"end":{"line":49,"column":6}},"21":{"start":{"line":50,"column":4},"end":{"line":50,"column":47}}},"fnMap":{"0":{"name":"(anonymous_0)","decl":{"start":{"line":23,"column":23},"end":{"line":23,"column":24}},"loc":{"start":{"line":23,"column":62},"end":{"line":52,"column":1}},"line":23},"1":{"name":"(anonymous_1)","decl":{"start":{"line":24,"column":17},"end":{"line":24,"column":18}},"loc":{"start":{"line":24,"column":25},"end":{"line":24,"column":74}},"line":24},"2":{"name":"(anonymous_2)","decl":{"start":{"line":24,"column":37},"end":{"line":24,"column":38}},"loc":{"start":{"line":24,"column":50},"end":{"line":24,"column":73}},"line":24}},"branchMap":{"0":{"loc":{"start":{"line":25,"column":2},"end":{"line":26,"column":93}},"type":"if","locations":[{"start":{"line":25,"column":2},"end":{"line":26,"column":93}},{"start":{},"end":{}}],"line":25},"1":{"loc":{"start":{"line":31,"column":17},"end":{"line":31,"column":49}},"type":"cond-expr","locations":[{"start":{"line":31,"column":28},"end":{"line":31,"column":43}},{"start":{"line":31,"column":46},"end":{"line":31,"column":49}}],"line":31},"2":{"loc":{"start":{"line":32,"column":21},"end":{"line":32,"column":117}},"type":"cond-expr","locations":[{"start":{"line":32,"column":37},"end":{"line":32,"column":75}},{"start":{"line":32,"column":78},"end":{"line":32,"column":117}}],"line":32},"3":{"loc":{"start":{"line":33,"column":18},"end":{"line":33,"column":53}},"type":"cond-expr","locations":[{"start":{"line":33,"column":33},"end":{"line":33,"column":45}},{"start":{"line":33,"column":48},"end":{"line":33,"column":53}}],"line":33},"4":{"loc":{"start":{"line":35,"column":2},"end":{"line":51,"column":3}},"type":"if","locations":[{"start":{"line":35,"column":2},"end":{"line":51,"column":3}},{"start":{"line":46,"column":9},"end":{"line":51,"column":3}}],"line":35},"5":{"loc":{"start":{"line":36,"column":4},"end":{"line":38,"column":41}},"type":"binary-expr","locations":[{"start":{"line":36,"column":5},"end":{"line":36,"column":18}},{"start":{"line":36,"column":22},"end":{"line":36,"column":35}},{"start":{"line":36,"column":39},"end":{"line":36,"column":52}},{"start":{"line":37,"column":4},"end":{"line":37,"column":22}},{"start":{"line":38,"column":4},"end":{"line":38,"column":41}}],"line":36},"6":{"loc":{"start":{"line":41,"column":4},"end":{"line":41,"column":119}},"type":"if","locations":[{"start":{"line":41,"column":4},"end":{"line":41,"column":119}},{"start":{},"end":{}}],"line":41},"7":{"loc":{"start":{"line":41,"column":8},"end":{"line":41,"column":40}},"type":"binary-expr","locations":[{"start":{"line":41,"column":8},"end":{"line":41,"column":22}},{"start":{"line":41,"column":26},"end":{"line":41,"column":40}}],"line":41}},"s":{"0":0,"1":0,"2":0,"3":0,"4":0,"5":0,"6":0,"7":0,"8":0,"9":0,"10":0,"11":0,"12":0,"13":0,"14":0,"15":0,"16":0,"17":0,"18":0,"19":0,"20":0,"21":0},"f":{"0":0,"1":0,"2":0},"b":{"0":[0,0],"1":[0,0],"2":[0,0],"3":[0,0],"4":[0,0],"5":[0,0,0,0,0],"6":[0,0],"7":[0,0]}}
,"/Users/susaha/Desktop/Q5/pause-recording-v2/serverless-functions/src/features/dual-channel-recording/flex/create-recording.js": {"path":"/Users/susaha/Desktop/Q5/pause-recording-v2/serverless-functions/src/features/dual-channel-recording/flex/create-recording.js","statementMap":{"0":{"start":{"line":1,"column":32},"end":{"line":1,"column":103}},"1":{"start":{"line":2,"column":24},"end":{"line":2,"column":105}},"2":{"start":{"line":4,"column":27},"end":{"line":6,"column":1}},"3":{"start":{"line":8,"column":0},"end":{"line":26,"column":3}},"4":{"start":{"line":9,"column":2},"end":{"line":25,"column":3}},"5":{"start":{"line":10,"column":24},"end":{"line":10,"column":29}},"6":{"start":{"line":11,"column":19},"end":{"line":18,"column":6}},"7":{"start":{"line":19,"column":43},"end":{"line":19,"column":49}},"8":{"start":{"line":20,"column":4},"end":{"line":20,"column":35}},"9":{"start":{"line":21,"column":4},"end":{"line":21,"column":45}},"10":{"start":{"line":22,"column":4},"end":{"line":22,"column":29}},"11":{"start":{"line":24,"column":4},"end":{"line":24,"column":23}}},"fnMap":{"0":{"name":"(anonymous_0)","decl":{"start":{"line":8,"column":58},"end":{"line":8,"column":59}},"loc":{"start":{"line":8,"column":117},"end":{"line":26,"column":1}},"line":8}},"branchMap":{},"s":{"0":0,"1":0,"2":0,"3":0,"4":0,"5":0,"6":0,"7":0,"8":0,"9":0,"10":0,"11":0},"f":{"0":0},"b":{}}
,"/Users/susaha/Desktop/Q5/pause-recording-v2/serverless-functions/src/features/pause-recording/flex/pause-call-recording.js": {"path":"/Users/susaha/Desktop/Q5/pause-recording-v2/serverless-functions/src/features/pause-recording/flex/pause-call-recording.js","statementMap":{"0":{"start":{"line":1,"column":32},"end":{"line":1,"column":103}},"1":{"start":{"line":2,"column":24},"end":{"line":4,"column":7}},"2":{"start":{"line":6,"column":27},"end":{"line":8,"column":1}},"3":{"start":{"line":10,"column":0},"end":{"line":33,"column":3}},"4":{"start":{"line":11,"column":2},"end":{"line":32,"column":3}},"5":{"start":{"line":12,"column":53},"end":{"line":12,"column":58}},"6":{"start":{"line":14,"column":19},"end":{"line":23,"column":6}},"7":{"start":{"line":25,"column":43},"end":{"line":25,"column":49}},"8":{"start":{"line":27,"column":4},"end":{"line":27,"column":35}},"9":{"start":{"line":28,"column":4},"end":{"line":28,"column":45}},"10":{"start":{"line":29,"column":4},"end":{"line":29,"column":29}},"11":{"start":{"line":31,"column":4},"end":{"line":31,"column":23}}},"fnMap":{"0":{"name":"(anonymous_0)","decl":{"start":{"line":10,"column":58},"end":{"line":10,"column":59}},"loc":{"start":{"line":10,"column":117},"end":{"line":33,"column":1}},"line":10}},"branchMap":{"0":{"loc":{"start":{"line":17,"column":20},"end":{"line":17,"column":52}},"type":"binary-expr","locations":[{"start":{"line":17,"column":20},"end":{"line":17,"column":32}},{"start":{"line":17,"column":36},"end":{"line":17,"column":52}}],"line":17},"1":{"loc":{"start":{"line":20,"column":23},"end":{"line":20,"column":49}},"type":"binary-expr","locations":[{"start":{"line":20,"column":23},"end":{"line":20,"column":36}},{"start":{"line":20,"column":40},"end":{"line":20,"column":49}}],"line":20}},"s":{"0":0,"1":0,"2":0,"3":0,"4":0,"5":0,"6":0,"7":0,"8":0,"9":0,"10":0,"11":0},"f":{"0":0},"b":{"0":[0,0],"1":[0,0]}}
,"/Users/susaha/Desktop/Q5/pause-recording-v2/serverless-functions/src/features/pause-recording/flex/pause-conference-recording.js": {"path":"/Users/susaha/Desktop/Q5/pause-recording-v2/serverless-functions/src/features/pause-recording/flex/pause-conference-recording.js","statementMap":{"0":{"start":{"line":1,"column":32},"end":{"line":1,"column":103}},"1":{"start":{"line":2,"column":24},"end":{"line":4,"column":7}},"2":{"start":{"line":6,"column":27},"end":{"line":8,"column":1}},"3":{"start":{"line":10,"column":0},"end":{"line":33,"column":3}},"4":{"start":{"line":11,"column":2},"end":{"line":32,"column":3}},"5":{"start":{"line":12,"column":59},"end":{"line":12,"column":64}},"6":{"start":{"line":13,"column":19},"end":{"line":22,"column":6}},"7":{"start":{"line":23,"column":43},"end":{"line":23,"column":49}},"8":{"start":{"line":25,"column":4},"end":{"line":25,"column":35}},"9":{"start":{"line":26,"column":4},"end":{"line":26,"column":45}},"10":{"start":{"line":27,"column":4},"end":{"line":27,"column":29}},"11":{"start":{"line":29,"column":4},"end":{"line":29,"column":23}},"12":{"start":{"line":31,"column":4},"end":{"line":31,"column":23}}},"fnMap":{"0":{"name":"(anonymous_0)","decl":{"start":{"line":10,"column":58},"end":{"line":10,"column":59}},"loc":{"start":{"line":10,"column":117},"end":{"line":33,"column":1}},"line":10}},"branchMap":{"0":{"loc":{"start":{"line":16,"column":20},"end":{"line":16,"column":52}},"type":"binary-expr","locations":[{"start":{"line":16,"column":20},"end":{"line":16,"column":32}},{"start":{"line":16,"column":36},"end":{"line":16,"column":52}}],"line":16},"1":{"loc":{"start":{"line":19,"column":23},"end":{"line":19,"column":49}},"type":"binary-expr","locations":[{"start":{"line":19,"column":23},"end":{"line":19,"column":36}},{"start":{"line":19,"column":40},"end":{"line":19,"column":49}}],"line":19}},"s":{"0":0,"1":0,"2":0,"3":0,"4":0,"5":0,"6":0,"7":0,"8":0,"9":0,"10":0,"11":0,"12":0},"f":{"0":0},"b":{"0":[0,0],"1":[0,0]}}
,"/Users/susaha/Desktop/Q5/pause-recording-v2/serverless-functions/src/features/pause-recording/flex/resume-call-recording.js": {"path":"/Users/susaha/Desktop/Q5/pause-recording-v2/serverless-functions/src/features/pause-recording/flex/resume-call-recording.js","statementMap":{"0":{"start":{"line":1,"column":32},"end":{"line":1,"column":103}},"1":{"start":{"line":2,"column":24},"end":{"line":4,"column":7}},"2":{"start":{"line":6,"column":27},"end":{"line":9,"column":1}},"3":{"start":{"line":11,"column":0},"end":{"line":33,"column":3}},"4":{"start":{"line":12,"column":2},"end":{"line":32,"column":3}},"5":{"start":{"line":13,"column":38},"end":{"line":13,"column":43}},"6":{"start":{"line":15,"column":19},"end":{"line":23,"column":6}},"7":{"start":{"line":25,"column":43},"end":{"line":25,"column":49}},"8":{"start":{"line":27,"column":4},"end":{"line":27,"column":35}},"9":{"start":{"line":28,"column":4},"end":{"line":28,"column":45}},"10":{"start":{"line":29,"column":4},"end":{"line":29,"column":29}},"11":{"start":{"line":31,"column":4},"end":{"line":31,"column":23}}},"fnMap":{"0":{"name":"(anonymous_0)","decl":{"start":{"line":11,"column":58},"end":{"line":11,"column":59}},"loc":{"start":{"line":11,"column":117},"end":{"line":33,"column":1}},"line":11}},"branchMap":{},"s":{"0":0,"1":0,"2":0,"3":0,"4":0,"5":0,"6":0,"7":0,"8":0,"9":0,"10":0,"11":0},"f":{"0":0},"b":{}}
,"/Users/susaha/Desktop/Q5/pause-recording-v2/serverless-functions/src/features/pause-recording/flex/resume-conference-recording.js": {"path":"/Users/susaha/Desktop/Q5/pause-recording-v2/serverless-functions/src/features/pause-recording/flex/resume-conference-recording.js","statementMap":{"0":{"start":{"line":1,"column":32},"end":{"line":1,"column":103}},"1":{"start":{"line":2,"column":24},"end":{"line":4,"column":7}},"2":{"start":{"line":6,"column":27},"end":{"line":9,"column":1}},"3":{"start":{"line":11,"column":0},"end":{"line":33,"column":3}},"4":{"start":{"line":12,"column":2},"end":{"line":32,"column":3}},"5":{"start":{"line":13,"column":44},"end":{"line":13,"column":49}},"6":{"start":{"line":15,"column":19},"end":{"line":23,"column":6}},"7":{"start":{"line":25,"column":43},"end":{"line":25,"column":49}},"8":{"start":{"line":27,"column":4},"end":{"line":27,"column":35}},"9":{"start":{"line":28,"column":4},"end":{"line":28,"column":45}},"10":{"start":{"line":29,"column":4},"end":{"line":29,"column":29}},"11":{"start":{"line":31,"column":4},"end":{"line":31,"column":23}}},"fnMap":{"0":{"name":"(anonymous_0)","decl":{"start":{"line":11,"column":58},"end":{"line":11,"column":59}},"loc":{"start":{"line":11,"column":117},"end":{"line":33,"column":1}},"line":11}},"branchMap":{},"s":{"0":0,"1":0,"2":0,"3":0,"4":0,"5":0,"6":0,"7":0,"8":0,"9":0,"10":0,"11":0},"f":{"0":0},"b":{}}
,"/Users/susaha/Desktop/Q5/pause-recording-v2/src/CallRecordingPlugin.tsx": {"path":"/Users/susaha/Desktop/Q5/pause-recording-v2/src/CallRecordingPlugin.tsx","statementMap":{"0":{"start":{"line":19,"column":20},"end":{"line":19,"column":41}},"1":{"start":{"line":23,"column":4},"end":{"line":23,"column":23}},"2":{"start":{"line":34,"column":25},"end":{"line":47,"column":5}},"3":{"start":{"line":49,"column":4},"end":{"line":49,"column":70}},"4":{"start":{"line":49,"column":42},"end":{"line":49,"column":68}}},"fnMap":{"0":{"name":"(anonymous_0)","decl":{"start":{"line":22,"column":2},"end":{"line":22,"column":3}},"loc":{"start":{"line":22,"column":16},"end":{"line":24,"column":3}},"line":22},"1":{"name":"(anonymous_1)","decl":{"start":{"line":33,"column":2},"end":{"line":33,"column":3}},"loc":{"start":{"line":33,"column":49},"end":{"line":50,"column":3}},"line":33},"2":{"name":"(anonymous_2)","decl":{"start":{"line":49,"column":25},"end":{"line":49,"column":26}},"loc":{"start":{"line":49,"column":42},"end":{"line":49,"column":68}},"line":49}},"branchMap":{},"s":{"0":0,"1":0,"2":0,"3":0,"4":0},"f":{"0":0,"1":0,"2":0},"b":{}}
,"/Users/susaha/Desktop/Q5/pause-recording-v2/src/index.ts": {"path":"/Users/susaha/Desktop/Q5/pause-recording-v2/src/index.ts","statementMap":{"0":{"start":{"line":6,"column":16},"end":{"line":6,"column":20}},"1":{"start":{"line":7,"column":28},"end":{"line":7,"column":32}},"2":{"start":{"line":8,"column":25},"end":{"line":8,"column":29}},"3":{"start":{"line":9,"column":24},"end":{"line":9,"column":28}},"4":{"start":{"line":10,"column":32},"end":{"line":12,"column":1}},"5":{"start":{"line":11,"column":2},"end":{"line":11,"column":17}},"6":{"start":{"line":14,"column":40},"end":{"line":16,"column":1}},"7":{"start":{"line":15,"column":2},"end":{"line":15,"column":37}},"8":{"start":{"line":18,"column":43},"end":{"line":20,"column":1}},"9":{"start":{"line":19,"column":2},"end":{"line":19,"column":40}},"10":{"start":{"line":22,"column":39},"end":{"line":24,"column":1}},"11":{"start":{"line":23,"column":2},"end":{"line":23,"column":36}},"12":{"start":{"line":26,"column":0},"end":{"line":26,"column":43}}},"fnMap":{"0":{"name":"(anonymous_0)","decl":{"start":{"line":10,"column":32},"end":{"line":10,"column":33}},"loc":{"start":{"line":10,"column":38},"end":{"line":12,"column":1}},"line":10},"1":{"name":"(anonymous_1)","decl":{"start":{"line":14,"column":40},"end":{"line":14,"column":41}},"loc":{"start":{"line":14,"column":46},"end":{"line":16,"column":1}},"line":14},"2":{"name":"(anonymous_2)","decl":{"start":{"line":18,"column":43},"end":{"line":18,"column":44}},"loc":{"start":{"line":18,"column":49},"end":{"line":20,"column":1}},"line":18},"3":{"name":"(anonymous_3)","decl":{"start":{"line":22,"column":39},"end":{"line":22,"column":40}},"loc":{"start":{"line":22,"column":45},"end":{"line":24,"column":1}},"line":22}},"branchMap":{"0":{"loc":{"start":{"line":15,"column":9},"end":{"line":15,"column":36}},"type":"binary-expr","locations":[{"start":{"line":15,"column":9},"end":{"line":15,"column":16}},{"start":{"line":15,"column":20},"end":{"line":15,"column":36}}],"line":15},"1":{"loc":{"start":{"line":19,"column":9},"end":{"line":19,"column":39}},"type":"binary-expr","locations":[{"start":{"line":19,"column":9},"end":{"line":19,"column":16}},{"start":{"line":19,"column":20},"end":{"line":19,"column":39}}],"line":19},"2":{"loc":{"start":{"line":23,"column":9},"end":{"line":23,"column":35}},"type":"binary-expr","locations":[{"start":{"line":23,"column":9},"end":{"line":23,"column":16}},{"start":{"line":23,"column":20},"end":{"line":23,"column":35}}],"line":23}},"s":{"0":0,"1":0,"2":0,"3":0,"4":0,"5":0,"6":0,"7":0,"8":0,"9":0,"10":0,"11":0,"12":0},"f":{"0":0,"1":0,"2":0,"3":0},"b":{"0":[0,0],"1":[0,0],"2":[0,0]}}
,"/Users/susaha/Desktop/Q5/pause-recording-v2/src/dual-channel-recording/index.ts": {"path":"/Users/susaha/Desktop/Q5/pause-recording-v2/src/dual-channel-recording/index.ts","statementMap":{"0":{"start":{"line":3,"column":16},"end":{"line":3,"column":20}},"1":{"start":{"line":4,"column":16},"end":{"line":4,"column":26}},"2":{"start":{"line":5,"column":32},"end":{"line":7,"column":1}},"3":{"start":{"line":6,"column":2},"end":{"line":6,"column":17}},"4":{"start":{"line":9,"column":34},"end":{"line":11,"column":1}},"5":{"start":{"line":10,"column":2},"end":{"line":10,"column":17}}},"fnMap":{"0":{"name":"(anonymous_0)","decl":{"start":{"line":5,"column":32},"end":{"line":5,"column":33}},"loc":{"start":{"line":5,"column":38},"end":{"line":7,"column":1}},"line":5},"1":{"name":"(anonymous_1)","decl":{"start":{"line":9,"column":34},"end":{"line":9,"column":35}},"loc":{"start":{"line":9,"column":40},"end":{"line":11,"column":1}},"line":9}},"branchMap":{},"s":{"0":1,"1":1,"2":1,"3":0,"4":1,"5":0},"f":{"0":0,"1":0},"b":{},"_coverageSchema":"1a1c01bbd47fc00a2c39e90264f33305004495a9","hash":"dce439e4efbad1bacbc468eb523c0e589d4ab5f5"}
,"/Users/susaha/Desktop/Q5/pause-recording-v2/src/dual-channel-recording/flex-hooks/actions/CompleteTask.ts": {"path":"/Users/susaha/Desktop/Q5/pause-recording-v2/src/dual-channel-recording/flex-hooks/actions/CompleteTask.ts","statementMap":{"0":{"start":{"line":9,"column":2},"end":{"line":13,"column":5}},"1":{"start":{"line":12,"column":4},"end":{"line":12,"column":45}}},"fnMap":{"0":{"name":"handleDualChannelCompleteTask","decl":{"start":{"line":4,"column":16},"end":{"line":4,"column":45}},"loc":{"start":{"line":7,"column":2},"end":{"line":14,"column":1}},"line":7},"1":{"name":"(anonymous_1)","decl":{"start":{"line":9,"column":49},"end":{"line":9,"column":50}},"loc":{"start":{"line":9,"column":68},"end":{"line":13,"column":3}},"line":9}},"branchMap":{},"s":{"0":0,"1":0},"f":{"0":0,"1":0},"b":{}}
,"/Users/susaha/Desktop/Q5/pause-recording-v2/src/dual-channel-recording/flex-hooks/actions/HangupCall.ts": {"path":"/Users/susaha/Desktop/Q5/pause-recording-v2/src/dual-channel-recording/flex-hooks/actions/HangupCall.ts","statementMap":{"0":{"start":{"line":8,"column":2},"end":{"line":12,"column":5}},"1":{"start":{"line":11,"column":4},"end":{"line":11,"column":45}}},"fnMap":{"0":{"name":"handleDualChannelHangupCall","decl":{"start":{"line":4,"column":16},"end":{"line":4,"column":43}},"loc":{"start":{"line":7,"column":2},"end":{"line":13,"column":1}},"line":7},"1":{"name":"(anonymous_1)","decl":{"start":{"line":8,"column":47},"end":{"line":8,"column":48}},"loc":{"start":{"line":8,"column":66},"end":{"line":12,"column":3}},"line":8}},"branchMap":{},"s":{"0":1,"1":0},"f":{"0":1,"1":0},"b":{},"_coverageSchema":"1a1c01bbd47fc00a2c39e90264f33305004495a9","hash":"2f6f7b016d180ddb6f91e94fc9cb58c7bd02c8ba"}
,"/Users/susaha/Desktop/Q5/pause-recording-v2/src/dual-channel-recording/flex-hooks/events/pluginsLoaded.ts": {"path":"/Users/susaha/Desktop/Q5/pause-recording-v2/src/dual-channel-recording/flex-hooks/events/pluginsLoaded.ts","statementMap":{"0":{"start":{"line":5,"column":29},"end":{"line":9,"column":1}},"1":{"start":{"line":7,"column":2},"end":{"line":7,"column":57}}},"fnMap":{"0":{"name":"(anonymous_0)","decl":{"start":{"line":5,"column":29},"end":{"line":5,"column":30}},"loc":{"start":{"line":5,"column":55},"end":{"line":9,"column":1}},"line":5}},"branchMap":{},"s":{"0":0,"1":0},"f":{"0":0},"b":{}}
,"/Users/susaha/Desktop/Q5/pause-recording-v2/src/dual-channel-recording/flex-hooks/events/taskAccepted.ts": {"path":"/Users/susaha/Desktop/Q5/pause-recording-v2/src/dual-channel-recording/flex-hooks/events/taskAccepted.ts","statementMap":{"0":{"start":{"line":7,"column":28},"end":{"line":80,"column":1}},"1":{"start":{"line":8,"column":2},"end":{"line":10,"column":3}},"2":{"start":{"line":9,"column":4},"end":{"line":9,"column":11}},"3":{"start":{"line":12,"column":25},"end":{"line":12,"column":29}},"4":{"start":{"line":13,"column":52},"end":{"line":13,"column":62}},"5":{"start":{"line":16,"column":2},"end":{"line":24,"column":3}},"6":{"start":{"line":23,"column":4},"end":{"line":23,"column":11}},"7":{"start":{"line":26,"column":2},"end":{"line":67,"column":3}},"8":{"start":{"line":29,"column":4},"end":{"line":29,"column":56}},"9":{"start":{"line":30,"column":4},"end":{"line":30,"column":44}},"10":{"start":{"line":31,"column":4},"end":{"line":31,"column":54}},"11":{"start":{"line":32,"column":9},"end":{"line":67,"column":3}},"12":{"start":{"line":34,"column":4},"end":{"line":34,"column":76}},"13":{"start":{"line":38,"column":4},"end":{"line":38,"column":76}},"14":{"start":{"line":39,"column":25},"end":{"line":39,"column":66}},"15":{"start":{"line":42,"column":4},"end":{"line":55,"column":5}},"16":{"start":{"line":44,"column":8},"end":{"line":46,"column":10}},"17":{"start":{"line":45,"column":17},"end":{"line":45,"column":49}},"18":{"start":{"line":47,"column":8},"end":{"line":47,"column":14}},"19":{"start":{"line":50,"column":8},"end":{"line":52,"column":10}},"20":{"start":{"line":51,"column":17},"end":{"line":51,"column":68}},"21":{"start":{"line":53,"column":8},"end":{"line":53,"column":14}},"22":{"start":{"line":57,"column":4},"end":{"line":57,"column":60}},"23":{"start":{"line":59,"column":4},"end":{"line":64,"column":5}},"24":{"start":{"line":60,"column":6},"end":{"line":62,"column":8}},"25":{"start":{"line":63,"column":6},"end":{"line":63,"column":13}},"26":{"start":{"line":66,"column":4},"end":{"line":66,"column":37}},"27":{"start":{"line":69,"column":2},"end":{"line":72,"column":3}},"28":{"start":{"line":70,"column":4},"end":{"line":70,"column":63}},"29":{"start":{"line":71,"column":4},"end":{"line":71,"column":11}},"30":{"start":{"line":74,"column":2},"end":{"line":79,"column":3}},"31":{"start":{"line":75,"column":22},"end":{"line":75,"column":79}},"32":{"start":{"line":76,"column":4},"end":{"line":76,"column":54}},"33":{"start":{"line":78,"column":4},"end":{"line":78,"column":68}}},"fnMap":{"0":{"name":"(anonymous_0)","decl":{"start":{"line":7,"column":28},"end":{"line":7,"column":29}},"loc":{"start":{"line":7,"column":78},"end":{"line":80,"column":1}},"line":7},"1":{"name":"(anonymous_1)","decl":{"start":{"line":45,"column":10},"end":{"line":45,"column":11}},"loc":{"start":{"line":45,"column":17},"end":{"line":45,"column":49}},"line":45},"2":{"name":"(anonymous_2)","decl":{"start":{"line":51,"column":10},"end":{"line":51,"column":11}},"loc":{"start":{"line":51,"column":17},"end":{"line":51,"column":68}},"line":51}},"branchMap":{"0":{"loc":{"start":{"line":8,"column":2},"end":{"line":10,"column":3}},"type":"if","locations":[{"start":{"line":8,"column":2},"end":{"line":10,"column":3}},{"start":{},"end":{}}],"line":8},"1":{"loc":{"start":{"line":16,"column":2},"end":{"line":24,"column":3}},"type":"if","locations":[{"start":{"line":16,"column":2},"end":{"line":24,"column":3}},{"start":{},"end":{}}],"line":16},"2":{"loc":{"start":{"line":17,"column":4},"end":{"line":19,"column":38}},"type":"binary-expr","locations":[{"start":{"line":17,"column":4},"end":{"line":17,"column":17}},{"start":{"line":18,"column":4},"end":{"line":18,"column":23}},{"start":{"line":19,"column":4},"end":{"line":19,"column":38}}],"line":17},"3":{"loc":{"start":{"line":26,"column":2},"end":{"line":67,"column":3}},"type":"if","locations":[{"start":{"line":26,"column":2},"end":{"line":67,"column":3}},{"start":{"line":32,"column":9},"end":{"line":67,"column":3}}],"line":26},"4":{"loc":{"start":{"line":26,"column":6},"end":{"line":26,"column":45}},"type":"binary-expr","locations":[{"start":{"line":26,"column":6},"end":{"line":26,"column":17}},{"start":{"line":26,"column":21},"end":{"line":26,"column":45}}],"line":26},"5":{"loc":{"start":{"line":32,"column":9},"end":{"line":67,"column":3}},"type":"if","locations":[{"start":{"line":32,"column":9},"end":{"line":67,"column":3}},{"start":{"line":35,"column":9},"end":{"line":67,"column":3}}],"line":32},"6":{"loc":{"start":{"line":42,"column":4},"end":{"line":55,"column":5}},"type":"switch","locations":[{"start":{"line":43,"column":6},"end":{"line":48,"column":7}},{"start":{"line":49,"column":6},"end":{"line":54,"column":7}}],"line":42},"7":{"loc":{"start":{"line":51,"column":17},"end":{"line":51,"column":68}},"type":"binary-expr","locations":[{"start":{"line":51,"column":17},"end":{"line":51,"column":47}},{"start":{"line":51,"column":51},"end":{"line":51,"column":68}}],"line":51},"8":{"loc":{"start":{"line":59,"column":4},"end":{"line":64,"column":5}},"type":"if","locations":[{"start":{"line":59,"column":4},"end":{"line":64,"column":5}},{"start":{},"end":{}}],"line":59},"9":{"loc":{"start":{"line":69,"column":2},"end":{"line":72,"column":3}},"type":"if","locations":[{"start":{"line":69,"column":2},"end":{"line":72,"column":3}},{"start":{},"end":{}}],"line":69}},"s":{"0":0,"1":0,"2":0,"3":0,"4":0,"5":0,"6":0,"7":0,"8":0,"9":0,"10":0,"11":0,"12":0,"13":0,"14":0,"15":0,"16":0,"17":0,"18":0,"19":0,"20":0,"21":0,"22":0,"23":0,"24":0,"25":0,"26":0,"27":0,"28":0,"29":0,"30":0,"31":0,"32":0,"33":0},"f":{"0":0,"1":0,"2":0},"b":{"0":[0,0],"1":[0,0],"2":[0,0,0],"3":[0,0],"4":[0,0],"5":[0,0],"6":[0,0],"7":[0,0],"8":[0,0],"9":[0,0]}}
,"/Users/susaha/Desktop/Q5/pause-recording-v2/src/dual-channel-recording/flex-hooks/notifications/DualChannelRecording.ts": {"path":"/Users/susaha/Desktop/Q5/pause-recording-v2/src/dual-channel-recording/flex-hooks/notifications/DualChannelRecording.ts","statementMap":{"0":{"start":{"line":10,"column":2},"end":{"line":10,"column":35}},"1":{"start":{"line":14,"column":2},"end":{"line":20,"column":5}}},"fnMap":{"0":{"name":"(anonymous_0)","decl":{"start":{"line":9,"column":15},"end":{"line":9,"column":16}},"loc":{"start":{"line":9,"column":61},"end":{"line":11,"column":1}},"line":9},"1":{"name":"dualChannelBroken","decl":{"start":{"line":13,"column":9},"end":{"line":13,"column":26}},"loc":{"start":{"line":13,"column":69},"end":{"line":21,"column":1}},"line":13}},"branchMap":{},"s":{"0":0,"1":0},"f":{"0":0,"1":0},"b":{}}
,"/Users/susaha/Desktop/Q5/pause-recording-v2/src/dual-channel-recording/helpers/dualChannelHelper.ts": {"path":"/Users/susaha/Desktop/Q5/pause-recording-v2/src/dual-channel-recording/helpers/dualChannelHelper.ts","statementMap":{"0":{"start":{"line":6,"column":16},"end":{"line":6,"column":37}},"1":{"start":{"line":8,"column":33},"end":{"line":84,"column":1}},"2":{"start":{"line":9,"column":37},"end":{"line":9,"column":41}},"3":{"start":{"line":11,"column":22},"end":{"line":11,"column":39}},"4":{"start":{"line":12,"column":35},"end":{"line":12,"column":40}},"5":{"start":{"line":14,"column":2},"end":{"line":26,"column":3}},"6":{"start":{"line":15,"column":4},"end":{"line":15,"column":38}},"7":{"start":{"line":19,"column":4},"end":{"line":19,"column":66}},"8":{"start":{"line":21,"column":4},"end":{"line":25,"column":5}},"9":{"start":{"line":24,"column":6},"end":{"line":24,"column":39}},"10":{"start":{"line":28,"column":2},"end":{"line":79,"column":3}},"11":{"start":{"line":29,"column":49},"end":{"line":29,"column":53}},"12":{"start":{"line":30,"column":4},"end":{"line":30,"column":38}},"13":{"start":{"line":31,"column":26},"end":{"line":31,"column":56}},"14":{"start":{"line":33,"column":18},"end":{"line":33,"column":42}},"15":{"start":{"line":34,"column":22},"end":{"line":34,"column":41}},"16":{"start":{"line":35,"column":24},"end":{"line":35,"column":53}},"17":{"start":{"line":36,"column":23},"end":{"line":36,"column":68}},"18":{"start":{"line":38,"column":34},"end":{"line":38,"column":43}},"19":{"start":{"line":39,"column":26},"end":{"line":39,"column":84}},"20":{"start":{"line":40,"column":25},"end":{"line":40,"column":70}},"21":{"start":{"line":42,"column":34},"end":{"line":42,"column":73}},"22":{"start":{"line":46,"column":31},"end":{"line":46,"column":69}},"23":{"start":{"line":53,"column":21},"end":{"line":58,"column":5}},"24":{"start":{"line":60,"column":4},"end":{"line":78,"column":5}},"25":{"start":{"line":62,"column":8},"end":{"line":70,"column":10}},"26":{"start":{"line":71,"column":8},"end":{"line":71,"column":14}},"27":{"start":{"line":73,"column":8},"end":{"line":76,"column":10}},"28":{"start":{"line":77,"column":8},"end":{"line":77,"column":14}},"29":{"start":{"line":81,"column":2},"end":{"line":83,"column":3}},"30":{"start":{"line":82,"column":4},"end":{"line":82,"column":78}},"31":{"start":{"line":86,"column":21},"end":{"line":93,"column":1}},"32":{"start":{"line":87,"column":46},"end":{"line":87,"column":50}},"33":{"start":{"line":88,"column":2},"end":{"line":92,"column":3}},"34":{"start":{"line":89,"column":4},"end":{"line":89,"column":17}},"35":{"start":{"line":91,"column":4},"end":{"line":91,"column":66}},"36":{"start":{"line":95,"column":45},"end":{"line":155,"column":4}},"37":{"start":{"line":96,"column":2},"end":{"line":155,"column":4}},"38":{"start":{"line":97,"column":23},"end":{"line":97,"column":26}},"39":{"start":{"line":100,"column":26},"end":{"line":100,"column":31}},"40":{"start":{"line":101,"column":59},"end":{"line":137,"column":18}},"41":{"start":{"line":102,"column":29},"end":{"line":102,"column":33}},"42":{"start":{"line":104,"column":6},"end":{"line":111,"column":7}},"43":{"start":{"line":105,"column":8},"end":{"line":105,"column":75}},"44":{"start":{"line":106,"column":8},"end":{"line":109,"column":9}},"45":{"start":{"line":107,"column":10},"end":{"line":107,"column":51}},"46":{"start":{"line":108,"column":10},"end":{"line":108,"column":43}},"47":{"start":{"line":110,"column":8},"end":{"line":110,"column":15}},"48":{"start":{"line":112,"column":6},"end":{"line":114,"column":7}},"49":{"start":{"line":113,"column":8},"end":{"line":113,"column":15}},"50":{"start":{"line":115,"column":31},"end":{"line":115,"column":41}},"51":{"start":{"line":116,"column":6},"end":{"line":118,"column":7}},"52":{"start":{"line":117,"column":8},"end":{"line":117,"column":15}},"53":{"start":{"line":119,"column":21},"end":{"line":121,"column":7}},"54":{"start":{"line":120,"column":15},"end":{"line":120,"column":66}},"55":{"start":{"line":122,"column":23},"end":{"line":124,"column":7}},"56":{"start":{"line":123,"column":15},"end":{"line":123,"column":47}},"57":{"start":{"line":126,"column":6},"end":{"line":128,"column":7}},"58":{"start":{"line":127,"column":8},"end":{"line":127,"column":15}},"59":{"start":{"line":130,"column":6},"end":{"line":130,"column":74}},"60":{"start":{"line":131,"column":6},"end":{"line":134,"column":7}},"61":{"start":{"line":132,"column":8},"end":{"line":132,"column":49}},"62":{"start":{"line":133,"column":8},"end":{"line":133,"column":41}},"63":{"start":{"line":136,"column":6},"end":{"line":136,"column":28}},"64":{"start":{"line":139,"column":4},"end":{"line":154,"column":22}},"65":{"start":{"line":140,"column":6},"end":{"line":153,"column":7}},"66":{"start":{"line":141,"column":8},"end":{"line":145,"column":10}},"67":{"start":{"line":147,"column":8},"end":{"line":150,"column":9}},"68":{"start":{"line":148,"column":10},"end":{"line":148,"column":51}},"69":{"start":{"line":149,"column":10},"end":{"line":149,"column":43}},"70":{"start":{"line":152,"column":8},"end":{"line":152,"column":20}},"71":{"start":{"line":157,"column":35},"end":{"line":204,"column":6}},"72":{"start":{"line":158,"column":4},"end":{"line":204,"column":6}},"73":{"start":{"line":159,"column":25},"end":{"line":159,"column":28}},"74":{"start":{"line":162,"column":28},"end":{"line":162,"column":33}},"75":{"start":{"line":163,"column":55},"end":{"line":186,"column":20}},"76":{"start":{"line":165,"column":8},"end":{"line":172,"column":9}},"77":{"start":{"line":166,"column":10},"end":{"line":166,"column":71}},"78":{"start":{"line":167,"column":10},"end":{"line":170,"column":11}},"79":{"start":{"line":168,"column":12},"end":{"line":168,"column":47}},"80":{"start":{"line":169,"column":12},"end":{"line":169,"column":39}},"81":{"start":{"line":171,"column":10},"end":{"line":171,"column":17}},"82":{"start":{"line":174,"column":27},"end":{"line":174,"column":73}},"83":{"start":{"line":176,"column":8},"end":{"line":178,"column":9}},"84":{"start":{"line":177,"column":10},"end":{"line":177,"column":17}},"85":{"start":{"line":180,"column":8},"end":{"line":183,"column":9}},"86":{"start":{"line":181,"column":10},"end":{"line":181,"column":45}},"87":{"start":{"line":182,"column":10},"end":{"line":182,"column":37}},"88":{"start":{"line":185,"column":8},"end":{"line":185,"column":47}},"89":{"start":{"line":188,"column":6},"end":{"line":203,"column":24}},"90":{"start":{"line":189,"column":8},"end":{"line":202,"column":9}},"91":{"start":{"line":190,"column":10},"end":{"line":194,"column":12}},"92":{"start":{"line":196,"column":10},"end":{"line":199,"column":11}},"93":{"start":{"line":197,"column":12},"end":{"line":197,"column":47}},"94":{"start":{"line":198,"column":12},"end":{"line":198,"column":39}},"95":{"start":{"line":201,"column":10},"end":{"line":201,"column":22}},"96":{"start":{"line":206,"column":42},"end":{"line":215,"column":1}},"97":{"start":{"line":207,"column":25},"end":{"line":207,"column":29}},"98":{"start":{"line":208,"column":25},"end":{"line":208,"column":35}},"99":{"start":{"line":210,"column":2},"end":{"line":214,"column":3}},"100":{"start":{"line":213,"column":4},"end":{"line":213,"column":46}}},"fnMap":{"0":{"name":"(anonymous_0)","decl":{"start":{"line":8,"column":33},"end":{"line":8,"column":34}},"loc":{"start":{"line":8,"column":116},"end":{"line":84,"column":1}},"line":8},"1":{"name":"(anonymous_1)","decl":{"start":{"line":86,"column":21},"end":{"line":86,"column":22}},"loc":{"start":{"line":86,"column":38},"end":{"line":93,"column":1}},"line":86},"2":{"name":"(anonymous_2)","decl":{"start":{"line":95,"column":45},"end":{"line":95,"column":46}},"loc":{"start":{"line":96,"column":2},"end":{"line":155,"column":4}},"line":96},"3":{"name":"(anonymous_3)","decl":{"start":{"line":96,"column":14},"end":{"line":96,"column":15}},"loc":{"start":{"line":96,"column":27},"end":{"line":155,"column":3}},"line":96},"4":{"name":"(anonymous_4)","decl":{"start":{"line":101,"column":71},"end":{"line":101,"column":72}},"loc":{"start":{"line":101,"column":83},"end":{"line":137,"column":5}},"line":101},"5":{"name":"(anonymous_5)","decl":{"start":{"line":120,"column":8},"end":{"line":120,"column":9}},"loc":{"start":{"line":120,"column":15},"end":{"line":120,"column":66}},"line":120},"6":{"name":"(anonymous_6)","decl":{"start":{"line":123,"column":8},"end":{"line":123,"column":9}},"loc":{"start":{"line":123,"column":15},"end":{"line":123,"column":47}},"line":123},"7":{"name":"(anonymous_7)","decl":{"start":{"line":139,"column":15},"end":{"line":139,"column":16}},"loc":{"start":{"line":139,"column":21},"end":{"line":154,"column":5}},"line":139},"8":{"name":"(anonymous_8)","decl":{"start":{"line":157,"column":35},"end":{"line":157,"column":36}},"loc":{"start":{"line":158,"column":4},"end":{"line":204,"column":6}},"line":158},"9":{"name":"(anonymous_9)","decl":{"start":{"line":158,"column":16},"end":{"line":158,"column":17}},"loc":{"start":{"line":158,"column":29},"end":{"line":204,"column":5}},"line":158},"10":{"name":"(anonymous_10)","decl":{"start":{"line":163,"column":67},"end":{"line":163,"column":68}},"loc":{"start":{"line":163,"column":79},"end":{"line":186,"column":7}},"line":163},"11":{"name":"(anonymous_11)","decl":{"start":{"line":188,"column":17},"end":{"line":188,"column":18}},"loc":{"start":{"line":188,"column":23},"end":{"line":203,"column":7}},"line":188},"12":{"name":"(anonymous_12)","decl":{"start":{"line":206,"column":42},"end":{"line":206,"column":43}},"loc":{"start":{"line":206,"column":65},"end":{"line":215,"column":1}},"line":206}},"branchMap":{"0":{"loc":{"start":{"line":14,"column":2},"end":{"line":26,"column":3}},"type":"if","locations":[{"start":{"line":14,"column":2},"end":{"line":26,"column":3}},{"start":{},"end":{}}],"line":14},"1":{"loc":{"start":{"line":21,"column":4},"end":{"line":25,"column":5}},"type":"if","locations":[{"start":{"line":21,"column":4},"end":{"line":25,"column":5}},{"start":{},"end":{}}],"line":21},"2":{"loc":{"start":{"line":28,"column":2},"end":{"line":79,"column":3}},"type":"if","locations":[{"start":{"line":28,"column":2},"end":{"line":79,"column":3}},{"start":{},"end":{}}],"line":28},"3":{"loc":{"start":{"line":31,"column":26},"end":{"line":31,"column":56}},"type":"binary-expr","locations":[{"start":{"line":31,"column":26},"end":{"line":31,"column":50}},{"start":{"line":31,"column":54},"end":{"line":31,"column":56}}],"line":31},"4":{"loc":{"start":{"line":34,"column":22},"end":{"line":34,"column":41}},"type":"binary-expr","locations":[{"start":{"line":34,"column":22},"end":{"line":34,"column":27}},{"start":{"line":34,"column":31},"end":{"line":34,"column":41}}],"line":34},"5":{"loc":{"start":{"line":35,"column":24},"end":{"line":35,"column":53}},"type":"binary-expr","locations":[{"start":{"line":35,"column":24},"end":{"line":35,"column":33}},{"start":{"line":35,"column":37},"end":{"line":35,"column":53}}],"line":35},"6":{"loc":{"start":{"line":36,"column":23},"end":{"line":36,"column":68}},"type":"binary-expr","locations":[{"start":{"line":36,"column":23},"end":{"line":36,"column":34}},{"start":{"line":36,"column":38},"end":{"line":36,"column":68}}],"line":36},"7":{"loc":{"start":{"line":42,"column":34},"end":{"line":42,"column":73}},"type":"binary-expr","locations":[{"start":{"line":42,"column":34},"end":{"line":42,"column":67}},{"start":{"line":42,"column":71},"end":{"line":42,"column":73}}],"line":42},"8":{"loc":{"start":{"line":60,"column":4},"end":{"line":78,"column":5}},"type":"switch","locations":[{"start":{"line":61,"column":6},"end":{"line":71,"column":14}},{"start":{"line":72,"column":6},"end":{"line":77,"column":14}}],"line":60},"9":{"loc":{"start":{"line":81,"column":2},"end":{"line":83,"column":3}},"type":"if","locations":[{"start":{"line":81,"column":2},"end":{"line":83,"column":3}},{"start":{},"end":{}}],"line":81},"10":{"loc":{"start":{"line":88,"column":2},"end":{"line":92,"column":3}},"type":"if","locations":[{"start":{"line":88,"column":2},"end":{"line":92,"column":3}},{"start":{"line":90,"column":9},"end":{"line":92,"column":3}}],"line":88},"11":{"loc":{"start":{"line":104,"column":6},"end":{"line":111,"column":7}},"type":"if","locations":[{"start":{"line":104,"column":6},"end":{"line":111,"column":7}},{"start":{},"end":{}}],"line":104},"12":{"loc":{"start":{"line":106,"column":8},"end":{"line":109,"column":9}},"type":"if","locations":[{"start":{"line":106,"column":8},"end":{"line":109,"column":9}},{"start":{},"end":{}}],"line":106},"13":{"loc":{"start":{"line":112,"column":6},"end":{"line":114,"column":7}},"type":"if","locations":[{"start":{"line":112,"column":6},"end":{"line":114,"column":7}},{"start":{},"end":{}}],"line":112},"14":{"loc":{"start":{"line":116,"column":6},"end":{"line":118,"column":7}},"type":"if","locations":[{"start":{"line":116,"column":6},"end":{"line":118,"column":7}},{"start":{},"end":{}}],"line":116},"15":{"loc":{"start":{"line":116,"column":10},"end":{"line":116,"column":64}},"type":"binary-expr","locations":[{"start":{"line":116,"column":10},"end":{"line":116,"column":37}},{"start":{"line":116,"column":41},"end":{"line":116,"column":64}}],"line":116},"16":{"loc":{"start":{"line":120,"column":15},"end":{"line":120,"column":66}},"type":"binary-expr","locations":[{"start":{"line":120,"column":15},"end":{"line":120,"column":45}},{"start":{"line":120,"column":49},"end":{"line":120,"column":66}}],"line":120},"17":{"loc":{"start":{"line":126,"column":6},"end":{"line":128,"column":7}},"type":"if","locations":[{"start":{"line":126,"column":6},"end":{"line":128,"column":7}},{"start":{},"end":{}}],"line":126},"18":{"loc":{"start":{"line":126,"column":10},"end":{"line":126,"column":30}},"type":"binary-expr","locations":[{"start":{"line":126,"column":10},"end":{"line":126,"column":17}},{"start":{"line":126,"column":21},"end":{"line":126,"column":30}}],"line":126},"19":{"loc":{"start":{"line":131,"column":6},"end":{"line":134,"column":7}},"type":"if","locations":[{"start":{"line":131,"column":6},"end":{"line":134,"column":7}},{"start":{},"end":{}}],"line":131},"20":{"loc":{"start":{"line":140,"column":6},"end":{"line":153,"column":7}},"type":"if","locations":[{"start":{"line":140,"column":6},"end":{"line":153,"column":7}},{"start":{},"end":{}}],"line":140},"21":{"loc":{"start":{"line":147,"column":8},"end":{"line":150,"column":9}},"type":"if","locations":[{"start":{"line":147,"column":8},"end":{"line":150,"column":9}},{"start":{},"end":{}}],"line":147},"22":{"loc":{"start":{"line":165,"column":8},"end":{"line":172,"column":9}},"type":"if","locations":[{"start":{"line":165,"column":8},"end":{"line":172,"column":9}},{"start":{},"end":{}}],"line":165},"23":{"loc":{"start":{"line":167,"column":10},"end":{"line":170,"column":11}},"type":"if","locations":[{"start":{"line":167,"column":10},"end":{"line":170,"column":11}},{"start":{},"end":{}}],"line":167},"24":{"loc":{"start":{"line":176,"column":8},"end":{"line":178,"column":9}},"type":"if","locations":[{"start":{"line":176,"column":8},"end":{"line":178,"column":9}},{"start":{},"end":{}}],"line":176},"25":{"loc":{"start":{"line":180,"column":8},"end":{"line":183,"column":9}},"type":"if","locations":[{"start":{"line":180,"column":8},"end":{"line":183,"column":9}},{"start":{},"end":{}}],"line":180},"26":{"loc":{"start":{"line":189,"column":8},"end":{"line":202,"column":9}},"type":"if","locations":[{"start":{"line":189,"column":8},"end":{"line":202,"column":9}},{"start":{},"end":{}}],"line":189},"27":{"loc":{"start":{"line":196,"column":10},"end":{"line":199,"column":11}},"type":"if","locations":[{"start":{"line":196,"column":10},"end":{"line":199,"column":11}},{"start":{},"end":{}}],"line":196},"28":{"loc":{"start":{"line":210,"column":2},"end":{"line":214,"column":3}},"type":"if","locations":[{"start":{"line":210,"column":2},"end":{"line":214,"column":3}},{"start":{},"end":{}}],"line":210},"29":{"loc":{"start":{"line":210,"column":6},"end":{"line":210,"column":56}},"type":"binary-expr","locations":[{"start":{"line":210,"column":6},"end":{"line":210,"column":41}},{"start":{"line":210,"column":45},"end":{"line":210,"column":56}}],"line":210}},"s":{"0":1,"1":1,"2":0,"3":0,"4":0,"5":0,"6":0,"7":0,"8":0,"9":0,"10":0,"11":0,"12":0,"13":0,"14":0,"15":0,"16":0,"17":0,"18":0,"19":0,"20":0,"21":0,"22":0,"23":0,"24":0,"25":0,"26":0,"27":0,"28":0,"29":0,"30":0,"31":1,"32":0,"33":0,"34":0,"35":0,"36":1,"37":0,"38":0,"39":0,"40":0,"41":0,"42":0,"43":0,"44":0,"45":0,"46":0,"47":0,"48":0,"49":0,"50":0,"51":0,"52":0,"53":0,"54":0,"55":0,"56":0,"57":0,"58":0,"59":0,"60":0,"61":0,"62":0,"63":0,"64":0,"65":0,"66":0,"67":0,"68":0,"69":0,"70":0,"71":1,"72":0,"73":0,"74":0,"75":0,"76":0,"77":0,"78":0,"79":0,"80":0,"81":0,"82":0,"83":0,"84":0,"85":0,"86":0,"87":0,"88":0,"89":0,"90":0,"91":0,"92":0,"93":0,"94":0,"95":0,"96":1,"97":0,"98":0,"99":0,"100":0},"f":{"0":0,"1":0,"2":0,"3":0,"4":0,"5":0,"6":0,"7":0,"8":0,"9":0,"10":0,"11":0,"12":0},"b":{"0":[0,0],"1":[0,0],"2":[0,0],"3":[0,0],"4":[0,0],"5":[0,0],"6":[0,0],"7":[0,0],"8":[0,0],"9":[0,0],"10":[0,0],"11":[0,0],"12":[0,0],"13":[0,0],"14":[0,0],"15":[0,0],"16":[0,0],"17":[0,0],"18":[0,0],"19":[0,0],"20":[0,0],"21":[0,0],"22":[0,0],"23":[0,0],"24":[0,0],"25":[0,0],"26":[0,0],"27":[0,0],"28":[0,0],"29":[0,0]},"_coverageSchema":"1a1c01bbd47fc00a2c39e90264f33305004495a9","hash":"619e23f9a48273933ca15697524f2b3a43a97470"}
,"/Users/susaha/Desktop/Q5/pause-recording-v2/src/flex-hooks/redux/index.ts": {"path":"/Users/susaha/Desktop/Q5/pause-recording-v2/src/flex-hooks/redux/index.ts","statementMap":{"0":{"start":{"line":5,"column":2},"end":{"line":9,"column":3}},"1":{"start":{"line":7,"column":4},"end":{"line":7,"column":105}},"2":{"start":{"line":8,"column":4},"end":{"line":8,"column":11}},"3":{"start":{"line":11,"column":2},"end":{"line":11,"column":53}}},"fnMap":{"0":{"name":"(anonymous_0)","decl":{"start":{"line":4,"column":15},"end":{"line":4,"column":16}},"loc":{"start":{"line":4,"column":61},"end":{"line":12,"column":1}},"line":4}},"branchMap":{"0":{"loc":{"start":{"line":5,"column":2},"end":{"line":9,"column":3}},"type":"if","locations":[{"start":{"line":5,"column":2},"end":{"line":9,"column":3}},{"start":{},"end":{}}],"line":5}},"s":{"0":0,"1":0,"2":0,"3":0},"f":{"0":0},"b":{"0":[0,0]}}
,"/Users/susaha/Desktop/Q5/pause-recording-v2/src/flex-hooks/states/index.ts": {"path":"/Users/susaha/Desktop/Q5/pause-recording-v2/src/flex-hooks/states/index.ts","statementMap":{"0":{"start":{"line":7,"column":30},"end":{"line":7,"column":38}}},"fnMap":{},"branchMap":{},"s":{"0":0},"f":{},"b":{}}
,"/Users/susaha/Desktop/Q5/pause-recording-v2/src/flex-hooks/states/states.ts": {"path":"/Users/susaha/Desktop/Q5/pause-recording-v2/src/flex-hooks/states/states.ts","statementMap":{"0":{"start":{"line":10,"column":30},"end":{"line":14,"column":1}}},"fnMap":{},"branchMap":{},"s":{"0":0},"f":{},"b":{}}
,"/Users/susaha/Desktop/Q5/pause-recording-v2/src/pause-recording/index.ts": {"path":"/Users/susaha/Desktop/Q5/pause-recording-v2/src/pause-recording/index.ts","statementMap":{"0":{"start":{"line":3,"column":16},"end":{"line":3,"column":20}},"1":{"start":{"line":4,"column":28},"end":{"line":4,"column":32}},"2":{"start":{"line":5,"column":25},"end":{"line":5,"column":29}},"3":{"start":{"line":6,"column":24},"end":{"line":6,"column":28}},"4":{"start":{"line":7,"column":32},"end":{"line":9,"column":1}},"5":{"start":{"line":8,"column":2},"end":{"line":8,"column":17}},"6":{"start":{"line":11,"column":40},"end":{"line":13,"column":1}},"7":{"start":{"line":12,"column":2},"end":{"line":12,"column":37}},"8":{"start":{"line":15,"column":43},"end":{"line":17,"column":1}},"9":{"start":{"line":16,"column":2},"end":{"line":16,"column":40}},"10":{"start":{"line":19,"column":39},"end":{"line":21,"column":1}},"11":{"start":{"line":20,"column":2},"end":{"line":20,"column":36}}},"fnMap":{"0":{"name":"(anonymous_0)","decl":{"start":{"line":7,"column":32},"end":{"line":7,"column":33}},"loc":{"start":{"line":7,"column":38},"end":{"line":9,"column":1}},"line":7},"1":{"name":"(anonymous_1)","decl":{"start":{"line":11,"column":40},"end":{"line":11,"column":41}},"loc":{"start":{"line":11,"column":46},"end":{"line":13,"column":1}},"line":11},"2":{"name":"(anonymous_2)","decl":{"start":{"line":15,"column":43},"end":{"line":15,"column":44}},"loc":{"start":{"line":15,"column":49},"end":{"line":17,"column":1}},"line":15},"3":{"name":"(anonymous_3)","decl":{"start":{"line":19,"column":39},"end":{"line":19,"column":40}},"loc":{"start":{"line":19,"column":45},"end":{"line":21,"column":1}},"line":19}},"branchMap":{"0":{"loc":{"start":{"line":12,"column":9},"end":{"line":12,"column":36}},"type":"binary-expr","locations":[{"start":{"line":12,"column":9},"end":{"line":12,"column":16}},{"start":{"line":12,"column":20},"end":{"line":12,"column":36}}],"line":12},"1":{"loc":{"start":{"line":16,"column":9},"end":{"line":16,"column":39}},"type":"binary-expr","locations":[{"start":{"line":16,"column":9},"end":{"line":16,"column":16}},{"start":{"line":16,"column":20},"end":{"line":16,"column":39}}],"line":16},"2":{"loc":{"start":{"line":20,"column":9},"end":{"line":20,"column":35}},"type":"binary-expr","locations":[{"start":{"line":20,"column":9},"end":{"line":20,"column":16}},{"start":{"line":20,"column":20},"end":{"line":20,"column":35}}],"line":20}},"s":{"0":0,"1":0,"2":0,"3":0,"4":0,"5":0,"6":0,"7":0,"8":0,"9":0,"10":0,"11":0},"f":{"0":0,"1":0,"2":0,"3":0},"b":{"0":[0,0],"1":[0,0],"2":[0,0]}}
,"/Users/susaha/Desktop/Q5/pause-recording-v2/src/pause-recording/custom-components/PauseRecordingButton/PauseRecordingButton.tsx": {"path":"/Users/susaha/Desktop/Q5/pause-recording-v2/src/pause-recording/custom-components/PauseRecordingButton/PauseRecordingButton.tsx","statementMap":{"0":{"start":{"line":17,"column":29},"end":{"line":71,"column":1}},"1":{"start":{"line":18,"column":32},"end":{"line":18,"column":47}},"2":{"start":{"line":19,"column":34},"end":{"line":19,"column":49}},"3":{"start":{"line":21,"column":31},"end":{"line":21,"column":86}},"4":{"start":{"line":21,"column":64},"end":{"line":21,"column":85}},"5":{"start":{"line":23,"column":21},"end":{"line":23,"column":75}},"6":{"start":{"line":25,"column":2},"end":{"line":27,"column":9}},"7":{"start":{"line":26,"column":4},"end":{"line":26,"column":24}},"8":{"start":{"line":29,"column":2},"end":{"line":31,"column":42}},"9":{"start":{"line":30,"column":4},"end":{"line":30,"column":24}},"10":{"start":{"line":33,"column":28},"end":{"line":44,"column":3}},"11":{"start":{"line":34,"column":4},"end":{"line":37,"column":5}},"12":{"start":{"line":35,"column":6},"end":{"line":35,"column":23}},"13":{"start":{"line":36,"column":6},"end":{"line":36,"column":13}},"14":{"start":{"line":39,"column":4},"end":{"line":43,"column":5}},"15":{"start":{"line":39,"column":72},"end":{"line":39,"column":135}},"16":{"start":{"line":40,"column":6},"end":{"line":40,"column":22}},"17":{"start":{"line":42,"column":6},"end":{"line":42,"column":23}},"18":{"start":{"line":46,"column":22},"end":{"line":60,"column":3}},"19":{"start":{"line":47,"column":4},"end":{"line":49,"column":5}},"20":{"start":{"line":48,"column":6},"end":{"line":48,"column":13}},"21":{"start":{"line":51,"column":4},"end":{"line":51,"column":21}},"22":{"start":{"line":53,"column":4},"end":{"line":57,"column":5}},"23":{"start":{"line":54,"column":6},"end":{"line":54,"column":40}},"24":{"start":{"line":56,"column":6},"end":{"line":56,"column":39}},"25":{"start":{"line":59,"column":4},"end":{"line":59,"column":22}},"26":{"start":{"line":62,"column":2},"end":{"line":70,"column":4}}},"fnMap":{"0":{"name":"(anonymous_0)","decl":{"start":{"line":17,"column":29},"end":{"line":17,"column":30}},"loc":{"start":{"line":17,"column":50},"end":{"line":71,"column":1}},"line":17},"1":{"name":"(anonymous_1)","decl":{"start":{"line":21,"column":43},"end":{"line":21,"column":44}},"loc":{"start":{"line":21,"column":64},"end":{"line":21,"column":85}},"line":21},"2":{"name":"(anonymous_2)","decl":{"start":{"line":25,"column":12},"end":{"line":25,"column":13}},"loc":{"start":{"line":25,"column":18},"end":{"line":27,"column":3}},"line":25},"3":{"name":"(anonymous_3)","decl":{"start":{"line":29,"column":12},"end":{"line":29,"column":13}},"loc":{"start":{"line":29,"column":18},"end":{"line":31,"column":3}},"line":29},"4":{"name":"(anonymous_4)","decl":{"start":{"line":33,"column":28},"end":{"line":33,"column":29}},"loc":{"start":{"line":33,"column":34},"end":{"line":44,"column":3}},"line":33},"5":{"name":"(anonymous_5)","decl":{"start":{"line":39,"column":51},"end":{"line":39,"column":52}},"loc":{"start":{"line":39,"column":72},"end":{"line":39,"column":135}},"line":39},"6":{"name":"(anonymous_6)","decl":{"start":{"line":46,"column":22},"end":{"line":46,"column":23}},"loc":{"start":{"line":46,"column":34},"end":{"line":60,"column":3}},"line":46}},"branchMap":{"0":{"loc":{"start":{"line":23,"column":21},"end":{"line":23,"column":75}},"type":"cond-expr","locations":[{"start":{"line":23,"column":34},"end":{"line":23,"column":67}},{"start":{"line":23,"column":70},"end":{"line":23,"column":75}}],"line":23},"1":{"loc":{"start":{"line":34,"column":4},"end":{"line":37,"column":5}},"type":"if","locations":[{"start":{"line":34,"column":4},"end":{"line":37,"column":5}},{"start":{},"end":{}}],"line":34},"2":{"loc":{"start":{"line":34,"column":8},"end":{"line":34,"column":34}},"type":"binary-expr","locations":[{"start":{"line":34,"column":8},"end":{"line":34,"column":19}},{"start":{"line":34,"column":23},"end":{"line":34,"column":34}}],"line":34},"3":{"loc":{"start":{"line":39,"column":4},"end":{"line":43,"column":5}},"type":"if","locations":[{"start":{"line":39,"column":4},"end":{"line":43,"column":5}},{"start":{"line":41,"column":11},"end":{"line":43,"column":5}}],"line":39},"4":{"loc":{"start":{"line":39,"column":8},"end":{"line":39,"column":136}},"type":"binary-expr","locations":[{"start":{"line":39,"column":8},"end":{"line":39,"column":24}},{"start":{"line":39,"column":28},"end":{"line":39,"column":136}}],"line":39},"5":{"loc":{"start":{"line":39,"column":72},"end":{"line":39,"column":135}},"type":"binary-expr","locations":[{"start":{"line":39,"column":72},"end":{"line":39,"column":82}},{"start":{"line":39,"column":86},"end":{"line":39,"column":135}}],"line":39},"6":{"loc":{"start":{"line":47,"column":4},"end":{"line":49,"column":5}},"type":"if","locations":[{"start":{"line":47,"column":4},"end":{"line":49,"column":5}},{"start":{},"end":{}}],"line":47},"7":{"loc":{"start":{"line":47,"column":8},"end":{"line":47,"column":34}},"type":"binary-expr","locations":[{"start":{"line":47,"column":8},"end":{"line":47,"column":19}},{"start":{"line":47,"column":23},"end":{"line":47,"column":34}}],"line":47},"8":{"loc":{"start":{"line":53,"column":4},"end":{"line":57,"column":5}},"type":"if","locations":[{"start":{"line":53,"column":4},"end":{"line":57,"column":5}},{"start":{"line":55,"column":11},"end":{"line":57,"column":5}}],"line":53},"9":{"loc":{"start":{"line":65,"column":16},"end":{"line":65,"column":38}},"type":"binary-expr","locations":[{"start":{"line":65,"column":16},"end":{"line":65,"column":27}},{"start":{"line":65,"column":31},"end":{"line":65,"column":38}}],"line":65},"10":{"loc":{"start":{"line":67,"column":16},"end":{"line":67,"column":48}},"type":"cond-expr","locations":[{"start":{"line":67,"column":25},"end":{"line":67,"column":34}},{"start":{"line":67,"column":37},"end":{"line":67,"column":48}}],"line":67},"11":{"loc":{"start":{"line":68,"column":14},"end":{"line":68,"column":131}},"type":"cond-expr","locations":[{"start":{"line":68,"column":23},"end":{"line":68,"column":76}},{"start":{"line":68,"column":79},"end":{"line":68,"column":131}}],"line":68}},"s":{"0":0,"1":0,"2":0,"3":0,"4":0,"5":0,"6":0,"7":0,"8":0,"9":0,"10":0,"11":0,"12":0,"13":0,"14":0,"15":0,"16":0,"17":0,"18":0,"19":0,"20":0,"21":0,"22":0,"23":0,"24":0,"25":0,"26":0},"f":{"0":0,"1":0,"2":0,"3":0,"4":0,"5":0,"6":0},"b":{"0":[0,0],"1":[0,0],"2":[0,0],"3":[0,0],"4":[0,0],"5":[0,0],"6":[0,0],"7":[0,0],"8":[0,0],"9":[0,0],"10":[0,0],"11":[0,0]}}
,"/Users/susaha/Desktop/Q5/pause-recording-v2/src/pause-recording/custom-components/PauseRecordingButton/index.ts": {"path":"/Users/susaha/Desktop/Q5/pause-recording-v2/src/pause-recording/custom-components/PauseRecordingButton/index.ts","statementMap":{},"fnMap":{},"branchMap":{},"s":{},"f":{},"b":{}}
,"/Users/susaha/Desktop/Q5/pause-recording-v2/src/pause-recording/custom-components/PauseStatusPanel/PauseStatusPanel.tsx": {"path":"/Users/susaha/Desktop/Q5/pause-recording-v2/src/pause-recording/custom-components/PauseStatusPanel/PauseStatusPanel.tsx","statementMap":{"0":{"start":{"line":16,"column":25},"end":{"line":55,"column":1}},"1":{"start":{"line":17,"column":32},"end":{"line":17,"column":47}},"2":{"start":{"line":19,"column":31},"end":{"line":19,"column":86}},"3":{"start":{"line":19,"column":64},"end":{"line":19,"column":85}},"4":{"start":{"line":21,"column":2},"end":{"line":23,"column":9}},"5":{"start":{"line":22,"column":4},"end":{"line":22,"column":24}},"6":{"start":{"line":25,"column":2},"end":{"line":27,"column":42}},"7":{"start":{"line":26,"column":4},"end":{"line":26,"column":24}},"8":{"start":{"line":29,"column":28},"end":{"line":42,"column":3}},"9":{"start":{"line":30,"column":23},"end":{"line":30,"column":77}},"10":{"start":{"line":32,"column":4},"end":{"line":35,"column":5}},"11":{"start":{"line":33,"column":6},"end":{"line":33,"column":23}},"12":{"start":{"line":34,"column":6},"end":{"line":34,"column":13}},"13":{"start":{"line":37,"column":4},"end":{"line":41,"column":5}},"14":{"start":{"line":37,"column":72},"end":{"line":37,"column":135}},"15":{"start":{"line":38,"column":6},"end":{"line":38,"column":22}},"16":{"start":{"line":40,"column":6},"end":{"line":40,"column":23}},"17":{"start":{"line":44,"column":2},"end":{"line":54,"column":4}}},"fnMap":{"0":{"name":"(anonymous_0)","decl":{"start":{"line":16,"column":25},"end":{"line":16,"column":26}},"loc":{"start":{"line":16,"column":46},"end":{"line":55,"column":1}},"line":16},"1":{"name":"(anonymous_1)","decl":{"start":{"line":19,"column":43},"end":{"line":19,"column":44}},"loc":{"start":{"line":19,"column":64},"end":{"line":19,"column":85}},"line":19},"2":{"name":"(anonymous_2)","decl":{"start":{"line":21,"column":12},"end":{"line":21,"column":13}},"loc":{"start":{"line":21,"column":18},"end":{"line":23,"column":3}},"line":21},"3":{"name":"(anonymous_3)","decl":{"start":{"line":25,"column":12},"end":{"line":25,"column":13}},"loc":{"start":{"line":25,"column":18},"end":{"line":27,"column":3}},"line":25},"4":{"name":"(anonymous_4)","decl":{"start":{"line":29,"column":28},"end":{"line":29,"column":29}},"loc":{"start":{"line":29,"column":34},"end":{"line":42,"column":3}},"line":29},"5":{"name":"(anonymous_5)","decl":{"start":{"line":37,"column":51},"end":{"line":37,"column":52}},"loc":{"start":{"line":37,"column":72},"end":{"line":37,"column":135}},"line":37}},"branchMap":{"0":{"loc":{"start":{"line":30,"column":23},"end":{"line":30,"column":77}},"type":"cond-expr","locations":[{"start":{"line":30,"column":36},"end":{"line":30,"column":69}},{"start":{"line":30,"column":72},"end":{"line":30,"column":77}}],"line":30},"1":{"loc":{"start":{"line":32,"column":4},"end":{"line":35,"column":5}},"type":"if","locations":[{"start":{"line":32,"column":4},"end":{"line":35,"column":5}},{"start":{},"end":{}}],"line":32},"2":{"loc":{"start":{"line":32,"column":8},"end":{"line":32,"column":34}},"type":"binary-expr","locations":[{"start":{"line":32,"column":8},"end":{"line":32,"column":19}},{"start":{"line":32,"column":23},"end":{"line":32,"column":34}}],"line":32},"3":{"loc":{"start":{"line":37,"column":4},"end":{"line":41,"column":5}},"type":"if","locations":[{"start":{"line":37,"column":4},"end":{"line":41,"column":5}},{"start":{"line":39,"column":11},"end":{"line":41,"column":5}}],"line":37},"4":{"loc":{"start":{"line":37,"column":8},"end":{"line":37,"column":136}},"type":"binary-expr","locations":[{"start":{"line":37,"column":8},"end":{"line":37,"column":24}},{"start":{"line":37,"column":28},"end":{"line":37,"column":136}}],"line":37},"5":{"loc":{"start":{"line":37,"column":72},"end":{"line":37,"column":135}},"type":"binary-expr","locations":[{"start":{"line":37,"column":72},"end":{"line":37,"column":82}},{"start":{"line":37,"column":86},"end":{"line":37,"column":135}}],"line":37},"6":{"loc":{"start":{"line":46,"column":6},"end":{"line":52,"column":5}},"type":"binary-expr","locations":[{"start":{"line":46,"column":6},"end":{"line":46,"column":12}},{"start":{"line":47,"column":6},"end":{"line":51,"column":96}}],"line":46}},"s":{"0":0,"1":0,"2":0,"3":0,"4":0,"5":0,"6":0,"7":0,"8":0,"9":0,"10":0,"11":0,"12":0,"13":0,"14":0,"15":0,"16":0,"17":0},"f":{"0":0,"1":0,"2":0,"3":0,"4":0,"5":0},"b":{"0":[0,0],"1":[0,0],"2":[0,0],"3":[0,0],"4":[0,0],"5":[0,0],"6":[0,0]}}
,"/Users/susaha/Desktop/Q5/pause-recording-v2/src/pause-recording/custom-components/PauseStatusPanel/index.ts": {"path":"/Users/susaha/Desktop/Q5/pause-recording-v2/src/pause-recording/custom-components/PauseStatusPanel/index.ts","statementMap":{},"fnMap":{},"branchMap":{},"s":{},"f":{},"b":{}}
,"/Users/susaha/Desktop/Q5/pause-recording-v2/src/pause-recording/flex-hooks/components/CallCanvas.tsx": {"path":"/Users/susaha/Desktop/Q5/pause-recording-v2/src/pause-recording/flex-hooks/components/CallCanvas.tsx","statementMap":{"0":{"start":{"line":6,"column":2},"end":{"line":8,"column":5}}},"fnMap":{"0":{"name":"addPauseStatusPanel","decl":{"start":{"line":5,"column":16},"end":{"line":5,"column":35}},"loc":{"start":{"line":5,"column":55},"end":{"line":9,"column":1}},"line":5}},"branchMap":{},"s":{"0":0},"f":{"0":0},"b":{}}
,"/Users/susaha/Desktop/Q5/pause-recording-v2/src/pause-recording/flex-hooks/components/CallCanvasActions.tsx": {"path":"/Users/susaha/Desktop/Q5/pause-recording-v2/src/pause-recording/flex-hooks/components/CallCanvasActions.tsx","statementMap":{"0":{"start":{"line":7,"column":28},"end":{"line":7,"column":86}},"1":{"start":{"line":7,"column":44},"end":{"line":7,"column":86}},"2":{"start":{"line":9,"column":2},"end":{"line":12,"column":5}}},"fnMap":{"0":{"name":"addPauseRecordingButton","decl":{"start":{"line":5,"column":16},"end":{"line":5,"column":39}},"loc":{"start":{"line":5,"column":59},"end":{"line":13,"column":1}},"line":5},"1":{"name":"(anonymous_1)","decl":{"start":{"line":7,"column":28},"end":{"line":7,"column":29}},"loc":{"start":{"line":7,"column":44},"end":{"line":7,"column":86}},"line":7}},"branchMap":{},"s":{"0":0,"1":0,"2":0},"f":{"0":0,"1":0},"b":{}}
,"/Users/susaha/Desktop/Q5/pause-recording-v2/src/pause-recording/flex-hooks/events/pluginsLoaded.ts": {"path":"/Users/susaha/Desktop/Q5/pause-recording-v2/src/pause-recording/flex-hooks/events/pluginsLoaded.ts","statementMap":{"0":{"start":{"line":5,"column":29},"end":{"line":9,"column":1}},"1":{"start":{"line":8,"column":2},"end":{"line":8,"column":50}}},"fnMap":{"0":{"name":"(anonymous_0)","decl":{"start":{"line":5,"column":29},"end":{"line":5,"column":30}},"loc":{"start":{"line":5,"column":55},"end":{"line":9,"column":1}},"line":5}},"branchMap":{},"s":{"0":0,"1":0},"f":{"0":0},"b":{}}
,"/Users/susaha/Desktop/Q5/pause-recording-v2/src/pause-recording/flex-hooks/notifications/PauseRecording.ts": {"path":"/Users/susaha/Desktop/Q5/pause-recording-v2/src/pause-recording/flex-hooks/notifications/PauseRecording.ts","statementMap":{"0":{"start":{"line":13,"column":2},"end":{"line":19,"column":5}},"1":{"start":{"line":20,"column":2},"end":{"line":26,"column":5}},"2":{"start":{"line":27,"column":2},"end":{"line":33,"column":5}},"3":{"start":{"line":34,"column":2},"end":{"line":40,"column":5}}},"fnMap":{"0":{"name":"(anonymous_0)","decl":{"start":{"line":12,"column":15},"end":{"line":12,"column":16}},"loc":{"start":{"line":12,"column":38},"end":{"line":41,"column":1}},"line":12}},"branchMap":{},"s":{"0":0,"1":0,"2":0,"3":0},"f":{"0":0},"b":{}}
,"/Users/susaha/Desktop/Q5/pause-recording-v2/src/pause-recording/flex-hooks/states/PauseRecordingSlice.ts": {"path":"/Users/susaha/Desktop/Q5/pause-recording-v2/src/pause-recording/flex-hooks/states/PauseRecordingSlice.ts","statementMap":{"0":{"start":{"line":12,"column":21},"end":{"line":12,"column":68}},"1":{"start":{"line":14,"column":28},"end":{"line":25,"column":2}},"2":{"start":{"line":19,"column":6},"end":{"line":19,"column":50}},"3":{"start":{"line":22,"column":6},"end":{"line":22,"column":55}},"4":{"start":{"line":27,"column":33},"end":{"line":27,"column":60}},"5":{"start":{"line":31,"column":30},"end":{"line":31,"column":48}}},"fnMap":{"0":{"name":"(anonymous_0)","decl":{"start":{"line":18,"column":4},"end":{"line":18,"column":5}},"loc":{"start":{"line":18,"column":57},"end":{"line":20,"column":5}},"line":18},"1":{"name":"(anonymous_1)","decl":{"start":{"line":21,"column":4},"end":{"line":21,"column":5}},"loc":{"start":{"line":21,"column":49},"end":{"line":23,"column":5}},"line":21}},"branchMap":{},"s":{"0":1,"1":1,"2":0,"3":0,"4":1,"5":1},"f":{"0":0,"1":0},"b":{},"_coverageSchema":"1a1c01bbd47fc00a2c39e90264f33305004495a9","hash":"d2a56ec34509e229a7833b75d69b0f4ce272b6c7"}
,"/Users/susaha/Desktop/Q5/pause-recording-v2/src/pause-recording/helpers/RecordingService.ts": {"path":"/Users/susaha/Desktop/Q5/pause-recording-v2/src/pause-recording/helpers/RecordingService.ts","statementMap":{"0":{"start":{"line":12,"column":30},"end":{"line":33,"column":3}},"1":{"start":{"line":13,"column":4},"end":{"line":32,"column":7}},"2":{"start":{"line":14,"column":43},"end":{"line":17,"column":7}},"3":{"start":{"line":19,"column":6},"end":{"line":31,"column":11}},"4":{"start":{"line":26,"column":10},"end":{"line":26,"column":34}},"5":{"start":{"line":29,"column":10},"end":{"line":29,"column":70}},"6":{"start":{"line":30,"column":10},"end":{"line":30,"column":24}},"7":{"start":{"line":35,"column":23},"end":{"line":57,"column":3}},"8":{"start":{"line":36,"column":4},"end":{"line":56,"column":7}},"9":{"start":{"line":37,"column":43},"end":{"line":41,"column":7}},"10":{"start":{"line":43,"column":6},"end":{"line":55,"column":11}},"11":{"start":{"line":50,"column":10},"end":{"line":50,"column":34}},"12":{"start":{"line":53,"column":10},"end":{"line":53,"column":56}},"13":{"start":{"line":54,"column":10},"end":{"line":54,"column":24}},"14":{"start":{"line":59,"column":24},"end":{"line":81,"column":3}},"15":{"start":{"line":60,"column":4},"end":{"line":80,"column":7}},"16":{"start":{"line":61,"column":43},"end":{"line":65,"column":7}},"17":{"start":{"line":67,"column":6},"end":{"line":79,"column":11}},"18":{"start":{"line":74,"column":10},"end":{"line":74,"column":34}},"19":{"start":{"line":77,"column":10},"end":{"line":77,"column":57}},"20":{"start":{"line":78,"column":10},"end":{"line":78,"column":24}},"21":{"start":{"line":83,"column":29},"end":{"line":105,"column":3}},"22":{"start":{"line":84,"column":4},"end":{"line":104,"column":7}},"23":{"start":{"line":85,"column":43},"end":{"line":89,"column":7}},"24":{"start":{"line":91,"column":6},"end":{"line":103,"column":11}},"25":{"start":{"line":98,"column":10},"end":{"line":98,"column":34}},"26":{"start":{"line":101,"column":10},"end":{"line":101,"column":56}},"27":{"start":{"line":102,"column":10},"end":{"line":102,"column":24}},"28":{"start":{"line":107,"column":30},"end":{"line":129,"column":3}},"29":{"start":{"line":108,"column":4},"end":{"line":128,"column":7}},"30":{"start":{"line":109,"column":43},"end":{"line":113,"column":7}},"31":{"start":{"line":115,"column":6},"end":{"line":127,"column":11}},"32":{"start":{"line":122,"column":10},"end":{"line":122,"column":34}},"33":{"start":{"line":125,"column":10},"end":{"line":125,"column":57}},"34":{"start":{"line":126,"column":10},"end":{"line":126,"column":24}}},"fnMap":{"0":{"name":"(anonymous_0)","decl":{"start":{"line":12,"column":30},"end":{"line":12,"column":31}},"loc":{"start":{"line":12,"column":84},"end":{"line":33,"column":3}},"line":12},"1":{"name":"(anonymous_1)","decl":{"start":{"line":13,"column":23},"end":{"line":13,"column":24}},"loc":{"start":{"line":13,"column":44},"end":{"line":32,"column":5}},"line":13},"2":{"name":"(anonymous_2)","decl":{"start":{"line":25,"column":14},"end":{"line":25,"column":15}},"loc":{"start":{"line":25,"column":43},"end":{"line":27,"column":9}},"line":25},"3":{"name":"(anonymous_3)","decl":{"start":{"line":28,"column":15},"end":{"line":28,"column":16}},"loc":{"start":{"line":28,"column":24},"end":{"line":31,"column":9}},"line":28},"4":{"name":"(anonymous_4)","decl":{"start":{"line":35,"column":23},"end":{"line":35,"column":24}},"loc":{"start":{"line":35,"column":100},"end":{"line":57,"column":3}},"line":35},"5":{"name":"(anonymous_5)","decl":{"start":{"line":36,"column":23},"end":{"line":36,"column":24}},"loc":{"start":{"line":36,"column":44},"end":{"line":56,"column":5}},"line":36},"6":{"name":"(anonymous_6)","decl":{"start":{"line":49,"column":14},"end":{"line":49,"column":15}},"loc":{"start":{"line":49,"column":43},"end":{"line":51,"column":9}},"line":49},"7":{"name":"(anonymous_7)","decl":{"start":{"line":52,"column":15},"end":{"line":52,"column":16}},"loc":{"start":{"line":52,"column":24},"end":{"line":55,"column":9}},"line":52},"8":{"name":"(anonymous_8)","decl":{"start":{"line":59,"column":24},"end":{"line":59,"column":25}},"loc":{"start":{"line":59,"column":100},"end":{"line":81,"column":3}},"line":59},"9":{"name":"(anonymous_9)","decl":{"start":{"line":60,"column":23},"end":{"line":60,"column":24}},"loc":{"start":{"line":60,"column":44},"end":{"line":80,"column":5}},"line":60},"10":{"name":"(anonymous_10)","decl":{"start":{"line":73,"column":14},"end":{"line":73,"column":15}},"loc":{"start":{"line":73,"column":43},"end":{"line":75,"column":9}},"line":73},"11":{"name":"(anonymous_11)","decl":{"start":{"line":76,"column":15},"end":{"line":76,"column":16}},"loc":{"start":{"line":76,"column":24},"end":{"line":79,"column":9}},"line":76},"12":{"name":"(anonymous_12)","decl":{"start":{"line":83,"column":29},"end":{"line":83,"column":30}},"loc":{"start":{"line":83,"column":112},"end":{"line":105,"column":3}},"line":83},"13":{"name":"(anonymous_13)","decl":{"start":{"line":84,"column":23},"end":{"line":84,"column":24}},"loc":{"start":{"line":84,"column":44},"end":{"line":104,"column":5}},"line":84},"14":{"name":"(anonymous_14)","decl":{"start":{"line":97,"column":14},"end":{"line":97,"column":15}},"loc":{"start":{"line":97,"column":43},"end":{"line":99,"column":9}},"line":97},"15":{"name":"(anonymous_15)","decl":{"start":{"line":100,"column":15},"end":{"line":100,"column":16}},"loc":{"start":{"line":100,"column":24},"end":{"line":103,"column":9}},"line":100},"16":{"name":"(anonymous_16)","decl":{"start":{"line":107,"column":30},"end":{"line":107,"column":31}},"loc":{"start":{"line":107,"column":112},"end":{"line":129,"column":3}},"line":107},"17":{"name":"(anonymous_17)","decl":{"start":{"line":108,"column":23},"end":{"line":108,"column":24}},"loc":{"start":{"line":108,"column":44},"end":{"line":128,"column":5}},"line":108},"18":{"name":"(anonymous_18)","decl":{"start":{"line":121,"column":14},"end":{"line":121,"column":15}},"loc":{"start":{"line":121,"column":43},"end":{"line":123,"column":9}},"line":121},"19":{"name":"(anonymous_19)","decl":{"start":{"line":124,"column":15},"end":{"line":124,"column":16}},"loc":{"start":{"line":124,"column":24},"end":{"line":127,"column":9}},"line":124}},"branchMap":{},"s":{"0":0,"1":0,"2":0,"3":0,"4":0,"5":0,"6":0,"7":0,"8":0,"9":0,"10":0,"11":0,"12":0,"13":0,"14":0,"15":0,"16":0,"17":0,"18":0,"19":0,"20":0,"21":0,"22":0,"23":0,"24":0,"25":0,"26":0,"27":0,"28":0,"29":0,"30":0,"31":0,"32":0,"33":0,"34":0},"f":{"0":0,"1":0,"2":0,"3":0,"4":0,"5":0,"6":0,"7":0,"8":0,"9":0,"10":0,"11":0,"12":0,"13":0,"14":0,"15":0,"16":0,"17":0,"18":0,"19":0},"b":{}}
,"/Users/susaha/Desktop/Q5/pause-recording-v2/src/pause-recording/helpers/pauseRecordingHelper.ts": {"path":"/Users/susaha/Desktop/Q5/pause-recording-v2/src/pause-recording/helpers/pauseRecordingHelper.ts","statementMap":{"0":{"start":{"line":9,"column":16},"end":{"line":9,"column":37}},"1":{"start":{"line":11,"column":30},"end":{"line":39,"column":1}},"2":{"start":{"line":12,"column":23},"end":{"line":12,"column":52}},"3":{"start":{"line":14,"column":2},"end":{"line":16,"column":3}},"4":{"start":{"line":15,"column":4},"end":{"line":15,"column":16}},"5":{"start":{"line":19,"column":2},"end":{"line":32,"column":3}},"6":{"start":{"line":21,"column":6},"end":{"line":23,"column":8}},"7":{"start":{"line":22,"column":15},"end":{"line":22,"column":47}},"8":{"start":{"line":24,"column":6},"end":{"line":24,"column":12}},"9":{"start":{"line":27,"column":6},"end":{"line":29,"column":8}},"10":{"start":{"line":28,"column":15},"end":{"line":28,"column":66}},"11":{"start":{"line":30,"column":6},"end":{"line":30,"column":12}},"12":{"start":{"line":34,"column":2},"end":{"line":36,"column":3}},"13":{"start":{"line":35,"column":4},"end":{"line":35,"column":16}},"14":{"start":{"line":38,"column":2},"end":{"line":38,"column":32}},"15":{"start":{"line":40,"column":30},"end":{"line":83,"column":1}},"16":{"start":{"line":41,"column":16},"end":{"line":41,"column":52}},"17":{"start":{"line":42,"column":2},"end":{"line":42,"column":81}},"18":{"start":{"line":43,"column":2},"end":{"line":43,"column":54}},"19":{"start":{"line":45,"column":25},"end":{"line":45,"column":139}},"20":{"start":{"line":45,"column":95},"end":{"line":45,"column":138}},"21":{"start":{"line":46,"column":2},"end":{"line":49,"column":3}},"22":{"start":{"line":47,"column":4},"end":{"line":47,"column":67}},"23":{"start":{"line":48,"column":4},"end":{"line":48,"column":17}},"24":{"start":{"line":51,"column":2},"end":{"line":79,"column":3}},"25":{"start":{"line":54,"column":4},"end":{"line":67,"column":5}},"26":{"start":{"line":56,"column":22},"end":{"line":56,"column":49}},"27":{"start":{"line":58,"column":6},"end":{"line":63,"column":7}},"28":{"start":{"line":59,"column":26},"end":{"line":59,"column":124}},"29":{"start":{"line":60,"column":8},"end":{"line":60,"column":37}},"30":{"start":{"line":62,"column":8},"end":{"line":62,"column":67}},"31":{"start":{"line":64,"column":11},"end":{"line":67,"column":5}},"32":{"start":{"line":65,"column":24},"end":{"line":65,"column":151}},"33":{"start":{"line":66,"column":6},"end":{"line":66,"column":35}},"34":{"start":{"line":69,"column":4},"end":{"line":76,"column":5}},"35":{"start":{"line":70,"column":6},"end":{"line":73,"column":10}},"36":{"start":{"line":74,"column":6},"end":{"line":74,"column":103}},"37":{"start":{"line":74,"column":38},"end":{"line":74,"column":103}},"38":{"start":{"line":75,"column":6},"end":{"line":75,"column":18}},"39":{"start":{"line":78,"column":4},"end":{"line":78,"column":54}},"40":{"start":{"line":81,"column":2},"end":{"line":81,"column":63}},"41":{"start":{"line":82,"column":2},"end":{"line":82,"column":15}},"42":{"start":{"line":85,"column":31},"end":{"line":123,"column":1}},"43":{"start":{"line":86,"column":16},"end":{"line":86,"column":52}},"44":{"start":{"line":87,"column":25},"end":{"line":87,"column":139}},"45":{"start":{"line":87,"column":95},"end":{"line":87,"column":138}},"46":{"start":{"line":88,"column":2},"end":{"line":91,"column":3}},"47":{"start":{"line":89,"column":4},"end":{"line":89,"column":82}},"48":{"start":{"line":90,"column":4},"end":{"line":90,"column":17}},"49":{"start":{"line":93,"column":20},"end":{"line":93,"column":74}},"50":{"start":{"line":95,"column":2},"end":{"line":119,"column":3}},"51":{"start":{"line":96,"column":18},"end":{"line":96,"column":23}},"52":{"start":{"line":97,"column":4},"end":{"line":110,"column":5}},"53":{"start":{"line":99,"column":22},"end":{"line":99,"column":49}},"54":{"start":{"line":101,"column":6},"end":{"line":106,"column":7}},"55":{"start":{"line":102,"column":8},"end":{"line":102,"column":84}},"56":{"start":{"line":103,"column":8},"end":{"line":103,"column":23}},"57":{"start":{"line":105,"column":8},"end":{"line":105,"column":68}},"58":{"start":{"line":107,"column":11},"end":{"line":110,"column":5}},"59":{"start":{"line":108,"column":6},"end":{"line":108,"column":111}},"60":{"start":{"line":109,"column":6},"end":{"line":109,"column":21}},"61":{"start":{"line":112,"column":4},"end":{"line":116,"column":5}},"62":{"start":{"line":113,"column":6},"end":{"line":113,"column":53}},"63":{"start":{"line":114,"column":6},"end":{"line":114,"column":103}},"64":{"start":{"line":114,"column":38},"end":{"line":114,"column":103}},"65":{"start":{"line":115,"column":6},"end":{"line":115,"column":18}},"66":{"start":{"line":118,"column":4},"end":{"line":118,"column":55}},"67":{"start":{"line":121,"column":2},"end":{"line":121,"column":64}},"68":{"start":{"line":122,"column":2},"end":{"line":122,"column":15}}},"fnMap":{"0":{"name":"(anonymous_0)","decl":{"start":{"line":11,"column":30},"end":{"line":11,"column":31}},"loc":{"start":{"line":11,"column":62},"end":{"line":39,"column":1}},"line":11},"1":{"name":"(anonymous_1)","decl":{"start":{"line":22,"column":8},"end":{"line":22,"column":9}},"loc":{"start":{"line":22,"column":15},"end":{"line":22,"column":47}},"line":22},"2":{"name":"(anonymous_2)","decl":{"start":{"line":28,"column":8},"end":{"line":28,"column":9}},"loc":{"start":{"line":28,"column":15},"end":{"line":28,"column":66}},"line":28},"3":{"name":"(anonymous_3)","decl":{"start":{"line":40,"column":30},"end":{"line":40,"column":31}},"loc":{"start":{"line":40,"column":71},"end":{"line":83,"column":1}},"line":40},"4":{"name":"(anonymous_4)","decl":{"start":{"line":45,"column":74},"end":{"line":45,"column":75}},"loc":{"start":{"line":45,"column":95},"end":{"line":45,"column":138}},"line":45},"5":{"name":"(anonymous_5)","decl":{"start":{"line":85,"column":31},"end":{"line":85,"column":32}},"loc":{"start":{"line":85,"column":72},"end":{"line":123,"column":1}},"line":85},"6":{"name":"(anonymous_6)","decl":{"start":{"line":87,"column":74},"end":{"line":87,"column":75}},"loc":{"start":{"line":87,"column":95},"end":{"line":87,"column":138}},"line":87}},"branchMap":{"0":{"loc":{"start":{"line":14,"column":2},"end":{"line":16,"column":3}},"type":"if","locations":[{"start":{"line":14,"column":2},"end":{"line":16,"column":3}},{"start":{},"end":{}}],"line":14},"1":{"loc":{"start":{"line":19,"column":2},"end":{"line":32,"column":3}},"type":"switch","locations":[{"start":{"line":20,"column":4},"end":{"line":25,"column":5}},{"start":{"line":26,"column":4},"end":{"line":31,"column":5}}],"line":19},"2":{"loc":{"start":{"line":28,"column":15},"end":{"line":28,"column":66}},"type":"binary-expr","locations":[{"start":{"line":28,"column":15},"end":{"line":28,"column":45}},{"start":{"line":28,"column":49},"end":{"line":28,"column":66}}],"line":28},"3":{"loc":{"start":{"line":34,"column":2},"end":{"line":36,"column":3}},"type":"if","locations":[{"start":{"line":34,"column":2},"end":{"line":36,"column":3}},{"start":{},"end":{}}],"line":34},"4":{"loc":{"start":{"line":34,"column":6},"end":{"line":34,"column":48}},"type":"binary-expr","locations":[{"start":{"line":34,"column":6},"end":{"line":34,"column":21}},{"start":{"line":34,"column":25},"end":{"line":34,"column":48}}],"line":34},"5":{"loc":{"start":{"line":46,"column":2},"end":{"line":49,"column":3}},"type":"if","locations":[{"start":{"line":46,"column":2},"end":{"line":49,"column":3}},{"start":{},"end":{}}],"line":46},"6":{"loc":{"start":{"line":54,"column":4},"end":{"line":67,"column":5}},"type":"if","locations":[{"start":{"line":54,"column":4},"end":{"line":67,"column":5}},{"start":{"line":64,"column":11},"end":{"line":67,"column":5}}],"line":54},"7":{"loc":{"start":{"line":58,"column":6},"end":{"line":63,"column":7}},"type":"if","locations":[{"start":{"line":58,"column":6},"end":{"line":63,"column":7}},{"start":{"line":61,"column":13},"end":{"line":63,"column":7}}],"line":58},"8":{"loc":{"start":{"line":59,"column":77},"end":{"line":59,"column":123}},"type":"cond-expr","locations":[{"start":{"line":59,"column":105},"end":{"line":59,"column":114}},{"start":{"line":59,"column":117},"end":{"line":59,"column":123}}],"line":59},"9":{"loc":{"start":{"line":64,"column":11},"end":{"line":67,"column":5}},"type":"if","locations":[{"start":{"line":64,"column":11},"end":{"line":67,"column":5}},{"start":{},"end":{}}],"line":64},"10":{"loc":{"start":{"line":65,"column":104},"end":{"line":65,"column":150}},"type":"cond-expr","locations":[{"start":{"line":65,"column":132},"end":{"line":65,"column":141}},{"start":{"line":65,"column":144},"end":{"line":65,"column":150}}],"line":65},"11":{"loc":{"start":{"line":69,"column":4},"end":{"line":76,"column":5}},"type":"if","locations":[{"start":{"line":69,"column":4},"end":{"line":76,"column":5}},{"start":{},"end":{}}],"line":69},"12":{"loc":{"start":{"line":74,"column":6},"end":{"line":74,"column":103}},"type":"if","locations":[{"start":{"line":74,"column":6},"end":{"line":74,"column":103}},{"start":{},"end":{}}],"line":74},"13":{"loc":{"start":{"line":88,"column":2},"end":{"line":91,"column":3}},"type":"if","locations":[{"start":{"line":88,"column":2},"end":{"line":91,"column":3}},{"start":{},"end":{}}],"line":88},"14":{"loc":{"start":{"line":97,"column":4},"end":{"line":110,"column":5}},"type":"if","locations":[{"start":{"line":97,"column":4},"end":{"line":110,"column":5}},{"start":{"line":107,"column":11},"end":{"line":110,"column":5}}],"line":97},"15":{"loc":{"start":{"line":101,"column":6},"end":{"line":106,"column":7}},"type":"if","locations":[{"start":{"line":101,"column":6},"end":{"line":106,"column":7}},{"start":{"line":104,"column":13},"end":{"line":106,"column":7}}],"line":101},"16":{"loc":{"start":{"line":107,"column":11},"end":{"line":110,"column":5}},"type":"if","locations":[{"start":{"line":107,"column":11},"end":{"line":110,"column":5}},{"start":{},"end":{}}],"line":107},"17":{"loc":{"start":{"line":112,"column":4},"end":{"line":116,"column":5}},"type":"if","locations":[{"start":{"line":112,"column":4},"end":{"line":116,"column":5}},{"start":{},"end":{}}],"line":112},"18":{"loc":{"start":{"line":114,"column":6},"end":{"line":114,"column":103}},"type":"if","locations":[{"start":{"line":114,"column":6},"end":{"line":114,"column":103}},{"start":{},"end":{}}],"line":114}},"s":{"0":0,"1":0,"2":0,"3":0,"4":0,"5":0,"6":0,"7":0,"8":0,"9":0,"10":0,"11":0,"12":0,"13":0,"14":0,"15":0,"16":0,"17":0,"18":0,"19":0,"20":0,"21":0,"22":0,"23":0,"24":0,"25":0,"26":0,"27":0,"28":0,"29":0,"30":0,"31":0,"32":0,"33":0,"34":0,"35":0,"36":0,"37":0,"38":0,"39":0,"40":0,"41":0,"42":0,"43":0,"44":0,"45":0,"46":0,"47":0,"48":0,"49":0,"50":0,"51":0,"52":0,"53":0,"54":0,"55":0,"56":0,"57":0,"58":0,"59":0,"60":0,"61":0,"62":0,"63":0,"64":0,"65":0,"66":0,"67":0,"68":0},"f":{"0":0,"1":0,"2":0,"3":0,"4":0,"5":0,"6":0},"b":{"0":[0,0],"1":[0,0],"2":[0,0],"3":[0,0],"4":[0,0],"5":[0,0],"6":[0,0],"7":[0,0],"8":[0,0],"9":[0,0],"10":[0,0],"11":[0,0],"12":[0,0],"13":[0,0],"14":[0,0],"15":[0,0],"16":[0,0],"17":[0,0],"18":[0,0]}}
}
